2024-11-27 18:48:34 - __main__ - INFO - PROOF CONFIG: {'number_challengers_default': 2, 'challengers_tolerance_default': 0, 'challenge_timeout_secs_minimum_default': 1000000000, 'attribute_ids': ['pob-v1.witnesschain.com'], 'role': 'payer', 'project_name': 'WITNESS_CHAIN', 'alive_check_minutes': 2}
2024-11-27 18:48:35 - __main__ - INFO - Pre-login successful
2024-11-27 18:48:35 - __main__ - INFO - Login successful
2024-11-27 18:48:36 - __main__ - INFO - Got Provers: 116
2024-11-27 18:48:36 - __main__ - INFO - Skipping challenge for Prover: IPv6/0x9d088b5c5bb9d834675ac9187de4b2c7afc90b06 from null. Last alive at 2024-08-27T09:36:14.706Z
2024-11-27 18:48:36 - __main__ - INFO - Skipping challenge for Prover: IPv4/0xe8f756a490c81be925f34349ad492636e37a808e from undefined. Last alive at 2024-11-26T09:15:17.443Z
2024-11-27 18:48:36 - __main__ - INFO - Skipping challenge for Prover: IPv6/0x52374cce1bc1e2cd47c86e64e01bc0fd673c3639 from my-depin-project-name. Last alive at 2024-07-26T08:15:48.662Z
2024-11-27 18:48:36 - __main__ - INFO - Skipping challenge for Prover: IPv6/0x372fdf4ebdc6a8fefbe04d4f3b9e38dda3a73270 from my-depin-project-name. Last alive at 2024-09-05T10:42:41.193Z
2024-11-27 18:48:36 - __main__ - INFO - Skipping challenge for Prover: IPv4/0xc05255865231ea4634116ebbb95fd82413dc81d1 from undefined. Last alive at 2024-11-25T07:31:05.230Z
2024-11-27 18:48:36 - __main__ - INFO - Skipping challenge for Prover: IPv4/0x34a6d8d538572284afa10486928cdedc4194516a from undefined. Last alive at 2024-11-24T05:37:54.982Z
2024-11-27 18:48:36 - __main__ - INFO - Skipping challenge for Prover: IPv4/0x6d2dd96cbbbdd9d4a104ee59196fe89ad55a5b79 from my-depin-project-name. Last alive at 2024-09-02T07:59:35.102Z
2024-11-27 18:48:36 - __main__ - INFO - Skipping challenge for Prover: IPv4/0x30d13da580148f34c96fcde5ff383583fcd25cc6 from sen-cdn. Last alive at 2024-08-29T10:55:21.642Z
2024-11-27 18:48:36 - __main__ - INFO - Skipping challenge for Prover: IPv4/0x1fb07cfb63cdb7d81819ff988e3e785722c2a980 from null. Last alive at 2024-08-27T08:59:14.128Z
2024-11-27 18:48:36 - __main__ - INFO - Skipping challenge for Prover: IPv4/0xea16cc041fb01304146747d96b8bf6c4d6a5b12b from undefined. Last alive at 2024-11-25T12:31:28.852Z
2024-11-27 18:48:36 - __main__ - INFO - Skipping challenge for Prover: IPv4/0xbdade7fbe115473347a41dfddc182a75cfe33f7a from undefined. Last alive at 2024-11-24T05:33:41.808Z
2024-11-27 18:48:36 - __main__ - INFO - Skipping challenge for Prover: IPv4/0x698942b1991f8bc184833f11a74c827e2b0e856b from undefined. Last alive at 2024-11-26T07:47:39.725Z
2024-11-27 18:48:36 - __main__ - INFO - Skipping challenge for Prover: IPv4/0x96d83b0022b7b5da3fb68991bdd99d9a42957927 from null. Last alive at 2024-08-27T09:36:55.699Z
2024-11-27 18:48:36 - __main__ - INFO - Skipping challenge for Prover: IPv4/0x8dca090c2221b9c8688425c3d5e0c76d11c2507d from . Last alive at 2024-10-04T07:57:26.566Z
2024-11-27 18:48:36 - __main__ - INFO - Skipping challenge for Prover: IPv4/0x372fdf4ebdc6a8fefbe04d4f3b9e38dda3a73270 from my-depin-project-name. Last alive at 2024-09-05T10:42:41.199Z
2024-11-27 18:48:36 - __main__ - INFO - Skipping challenge for Prover: IPv4/0x6395671c32fa7e90334b56f1d66f2d6bdd7a516a from my-depin-project-name. Last alive at 2024-10-03T10:31:22.570Z
2024-11-27 18:48:36 - __main__ - INFO - Skipping challenge for Prover: IPv4/0x89d07ac83f1d4b0b5169dbd92c375a2b55ac9e62 from undefined. Last alive at 2024-11-25T08:12:22.389Z
2024-11-27 18:48:36 - __main__ - INFO - Skipping challenge for Prover: IPv4/0xe22c6bccba9217047c7cce9740494ce7247fe8f2 from undefined. Last alive at 2024-11-26T04:03:16.871Z
2024-11-27 18:48:36 - __main__ - INFO - Skipping challenge for Prover: IPv4/0x9f12ec486df2dde7dbd298ef6ea54818c563fb28 from null. Last alive at 2024-11-25T07:22:41.053Z
2024-11-27 18:48:36 - __main__ - INFO - Skipping challenge for Prover: IPv4/0xb6c776c9a69fe5502cff601de5c3b036db75f37a from undefined. Last alive at 2024-11-25T13:35:24.853Z
2024-11-27 18:48:36 - __main__ - INFO - Skipping challenge for Prover: IPv4/0x470298714f5b82d2b645c25c23ea6161da8f1246 from null. Last alive at 2024-11-25T11:08:21.536Z
2024-11-27 18:48:36 - __main__ - INFO - Skipping challenge for Prover: IPv4/0xf2fbe5a7247aa0eaf68f04fe132b73a07d802e86 from my-depin-project-name. Last alive at 2024-10-16T11:56:22.748Z
2024-11-27 18:48:36 - __main__ - INFO - Skipping challenge for Prover: IPv4/0xf3a6a7cc74477b0a94f2ada45987d2ffa223f89a from undefined. Last alive at 2024-11-24T04:42:53.873Z
2024-11-27 18:48:36 - __main__ - INFO - Skipping challenge for Prover: IPv4/0x403172189c3549cb8083d471b657434ffc005740 from undefined. Last alive at 2024-11-26T03:57:43.830Z
2024-11-27 18:48:36 - __main__ - INFO - Skipping challenge for Prover: IPv4/0x6a40c75e42c9dd73fb509bbae479b82cbef657f3 from undefined. Last alive at 2024-11-24T04:45:53.706Z
2024-11-27 18:48:36 - __main__ - INFO - Skipping challenge for Prover: IPv4/0x6ab275b60fe56130cf5d5aceae9063df3e019e69 from null. Last alive at 2024-08-27T10:17:05.745Z
2024-11-27 18:48:36 - __main__ - INFO - Skipping challenge for Prover: IPv4/0x609f159d91297562d9e8c90fe06797ce8b500ac0 from undefined. Last alive at 2024-11-25T04:53:43.173Z
2024-11-27 18:48:36 - __main__ - INFO - Skipping challenge for Prover: IPv4/0x52374cce1bc1e2cd47c86e64e01bc0fd673c3639 from my-depin-project-name. Last alive at 2024-07-26T08:15:49.048Z
2024-11-27 18:48:36 - __main__ - INFO - Skipping challenge for Prover: IPv4/0x2c5b722ecf1b9ccbc5fb1f75b4600e181e122c33 from undefined. Last alive at 2024-11-25T13:50:14.244Z
2024-11-27 18:48:36 - __main__ - INFO - Challenging Prover: IPv4/0x0bc40f93dd3193e65024ae9bb4e7fad4578b3dec from witness_chain. Last alive at 2024-11-27T16:48:33.400Z
2024-11-27 18:48:36 - __main__ - INFO - Claims: {'downlink_bandwidth': 10, 'uplink_bandwidth': 10}
2024-11-27 18:48:36 - __main__ - INFO - Challenge info: b'\x00\x00\x00\x00\x00\x00\x00\x00\x00\x00\x00\x00\x91\x01=<\xec\xe0U`=\x8b\x1e\xe7\xdc\xb1\xf6p\xf4\x80\xfe$\x00\x00\x00\x00\x00\x00\x00\x00\x00\x00\x00\x00\x0b\xc4\x0f\x93\xdd1\x93\xe6P$\xae\x9b\xb4\xe7\xfa\xd4W\x8b=\xec\x00\x00\x00\x00\x00\x00\x00\x00\x00\x00\x00\x00\x00\x00\x00\x00\x00\x00\x00\x00\x00\x00\x00\x00\x00\x00\x00\x00\x00\x00\x00\x00\x00\x00\x00\x00\x00\x00\x00\x00\x00\x00\x00\x00\x00\x00\x00\x00\x00\x00\x00\x00\x00\x00\x00\x00\x00\x00\x00\x00\x00\x00\x00\x00\x00\x00\x00\x00\x00\x00\x00\x00\x00\x00\x00\x00\x00\x00\x00\x00\x00\x00\x00\x00\x00\x00\x00\x00\x00\x00\x00\x00\x00\x00\x00\x02\x00\x00\x00\x00\x00\x00\x00\x00\x00\x00\x00\x00\x00\x00\x00\x00\x00\x00\x00\x00\x00\x00\x00\x00\x00\x00\x00\x00\x00\x00\x00\n\x00\x00\x00\x00\x00\x00\x00\x00\x00\x00\x00\x00\x00\x00\x00\x00\x00\x00\x00\x00\x00\x00\x00\x00\x00\x00\x00\x00\x00\x00\x00\n\x00\x00\x00\x00\x00\x00\x00\x00\x00\x00\x00\x00\x00\x00\x00\x00\x00\x00\x00\x00\x00\x00\x00\x00\x00\x00\x00\x00\x00\x00\x00\x01'
2024-11-27 18:48:37 - __main__ - INFO - Challenges: [436]
2024-11-27 18:48:37 - __main__ - INFO - Triggering challenge for Prover: IPv4/0x0bc40f93dd3193e65024ae9bb4e7fad4578b3dec last alive at 2024-11-27T16:48:33.400Z with challenge_id: 436 and on-chain Request ID: 56087
2024-11-27 18:48:37 - api - ERROR - Status of challenge trigger for challenge_id: 436 - {"error":{"message":"'challenge_type' is invalid"}}

2024-11-27 18:48:37 - __main__ - INFO - Skipping challenge for Prover: IPv6/0x60911a89d3f0dec56eb49211f95261f8794689db from my-depin-project-name. Last alive at 2024-09-25T10:04:36.738Z
2024-11-27 18:48:37 - __main__ - INFO - Skipping challenge for Prover: IPv4/0x8f07189ca79ea6d0a8c05356d244f45e9954c283 from undefined. Last alive at 2024-11-25T13:33:58.270Z
2024-11-27 18:48:37 - __main__ - INFO - Skipping challenge for Prover: IPv4/0xed16d386e4ca1fff3d974663ea572e938902c992 from my-depin-project-name. Last alive at 2024-11-05T10:38:11.936Z
2024-11-27 18:48:37 - __main__ - INFO - Skipping challenge for Prover: IPv4/0x80afb83c7ef95e3a19ddd95c11c985c6c59e5416 from null. Last alive at 2024-11-21T23:48:05.166Z
2024-11-27 18:48:37 - __main__ - INFO - Skipping challenge for Prover: IPv6/0x6395671c32fa7e90334b56f1d66f2d6bdd7a516a from my-depin-project-name. Last alive at 2024-09-03T11:08:51.029Z
2024-11-27 18:48:37 - __main__ - INFO - Skipping challenge for Prover: IPv4/0xfb7bdeb6b44d36e91f2dda0ebecbc730f4133cfa from undefined. Last alive at 2024-11-25T08:18:46.817Z
2024-11-27 18:48:37 - __main__ - INFO - Skipping challenge for Prover: IPv4/0x7c1a94e8fc55640bde0037212e43ac9a58c4805b from undefined. Last alive at 2024-11-25T14:28:39.750Z
2024-11-27 18:48:37 - __main__ - INFO - Skipping challenge for Prover: IPv4/0x0e5d433a20d5db0628ae502c96c5cb1170536b3b from undefined. Last alive at 2024-11-22T14:57:20.148Z
2024-11-27 18:48:37 - __main__ - INFO - Skipping challenge for Prover: IPv4/0x0ab3de702792acd4c2be348c69d4429ba3810778 from undefined. Last alive at 2024-11-25T14:37:16.355Z
2024-11-27 18:48:37 - __main__ - INFO - Skipping challenge for Prover: IPv4/0xffa16262816e5927b174ca45bbdf88ffdcf4800c from undefined. Last alive at 2024-11-25T12:48:30.941Z
2024-11-27 18:48:37 - __main__ - INFO - Skipping challenge for Prover: IPv4/0x5b036cea9eabb292c1a23e585da7596c2689e77b from undefined. Last alive at 2024-11-25T05:51:23.583Z
2024-11-27 18:48:37 - __main__ - INFO - Skipping challenge for Prover: IPv4/0x6b5e5e96072d853ac8c12a18e96e45dfa0a7a21d from undefined. Last alive at 2024-11-25T08:23:00.519Z
2024-11-27 18:48:37 - __main__ - INFO - Skipping challenge for Prover: IPv4/0xd631a30045e1e224947534a629ab891706387015 from null. Last alive at 2024-11-25T10:02:11.051Z
2024-11-27 18:48:37 - __main__ - INFO - Skipping challenge for Prover: IPv4/0x276ea3cc19410171c6c5ae6a944eb30e3f07d2b2 from undefined. Last alive at 2024-11-25T12:44:58.587Z
2024-11-27 18:48:37 - __main__ - INFO - Skipping challenge for Prover: IPv4/0x3f9b7269e7dff4c1c2dd2ec2b0a5369957a98fc1 from undefined. Last alive at 2024-11-24T06:02:45.342Z
2024-11-27 18:48:37 - __main__ - INFO - Skipping challenge for Prover: IPv4/0xa087e632460f4f98311a5457474a0fb4e431ed9a from my-depin-project-name. Last alive at 2024-10-10T09:00:35.819Z
2024-11-27 18:48:37 - __main__ - INFO - Skipping challenge for Prover: IPv4/0x8fd3e1c3a883d7c3a3a9dfba44c1b12380b1a4ec from undefined. Last alive at 2024-11-25T14:42:34.239Z
2024-11-27 18:48:37 - __main__ - INFO - Skipping challenge for Prover: IPv4/0x9c398b5320e33898eba9335940db4fd94b04d2b5 from undefined. Last alive at 2024-11-26T07:48:00.989Z
2024-11-27 18:48:37 - __main__ - INFO - Skipping challenge for Prover: IPv4/0xc8b5f991cc7b6a906f9baed4e765e8f9d118af34 from undefined. Last alive at 2024-11-25T12:46:49.240Z
2024-11-27 18:48:37 - __main__ - INFO - Skipping challenge for Prover: IPv4/0x1ba49aa8cf94debdff843d2b82eb8340592f3382 from undefined. Last alive at 2024-11-25T06:44:13.635Z
2024-11-27 18:48:37 - __main__ - INFO - Skipping challenge for Prover: IPv4/0x312c5bd2760827139b0820e043bc8f306f97398e from undefined. Last alive at 2024-11-25T09:19:10.058Z
2024-11-27 18:48:37 - __main__ - INFO - Skipping challenge for Prover: IPv4/0xe876e2a98b2fe31f3c5a83af2cb849dd573d2b74 from my-depin-project-name. Last alive at 2024-08-22T22:43:30.467Z
2024-11-27 18:48:37 - __main__ - INFO - Skipping challenge for Prover: IPv4/0xcc3da34d9541c25a831be2233f2d0d2cf43326b2 from undefined. Last alive at 2024-11-25T14:29:20.088Z
2024-11-27 18:48:37 - __main__ - INFO - Skipping challenge for Prover: IPv4/0x57b1f808b922537da4a6ec7b799c4e93d0ea7fe0 from undefined. Last alive at 2024-11-26T07:48:53.183Z
2024-11-27 18:48:37 - __main__ - INFO - Skipping challenge for Prover: IPv4/0x303c6eb931c00078f466d7ef356bfaf4d8a0c86d from my-depin-project-name. Last alive at 2024-08-20T07:10:19.249Z
2024-11-27 18:48:37 - __main__ - INFO - Skipping challenge for Prover: IPv6/0xf2fbe5a7247aa0eaf68f04fe132b73a07d802e86 from my-depin-project-name. Last alive at 2024-10-16T11:56:22.747Z
2024-11-27 18:48:37 - __main__ - INFO - Skipping challenge for Prover: IPv4/0xef65325b30588e8d8293080060065135019ed55c from . Last alive at 2024-07-18T06:51:10.610Z
2024-11-27 18:48:37 - __main__ - INFO - Skipping challenge for Prover: IPv4/0xbad2ca3b560cf1ab8d6ea0fd733bd902be3c7f1b from . Last alive at 2024-07-22T06:55:25.419Z
2024-11-27 18:48:37 - __main__ - INFO - Skipping challenge for Prover: IPv4/0x33d9e5356bf3cccf7d5ed00f95e2ba15dd5c0fb9 from undefined. Last alive at 2024-11-25T13:03:50.379Z
2024-11-27 18:48:37 - __main__ - INFO - Skipping challenge for Prover: IPv4/0x06dc9c305ebb6adf2bf33f63ebd9dc0a4951b54b from undefined. Last alive at 2024-11-25T07:47:48.493Z
2024-11-27 18:48:37 - __main__ - INFO - Skipping challenge for Prover: IPv4/0x2d74eb7be718158df9ef6e0fc4606a44edb8ebdb from undefined. Last alive at 2024-11-26T04:05:34.316Z
2024-11-27 18:48:37 - __main__ - INFO - Skipping challenge for Prover: IPv4/0xd8f8ee62553d3b6c679c0d492616783c4d41a829 from undefined. Last alive at 2024-11-25T12:57:28.984Z
2024-11-27 18:48:37 - __main__ - INFO - Skipping challenge for Prover: IPv4/0xc252ad8081ababbbe45f70d55aff96b7a12761c7 from undefined. Last alive at 2024-11-26T09:09:46.265Z
2024-11-27 18:48:37 - __main__ - INFO - Skipping challenge for Prover: IPv4/0x9d55c464df339af51aa6da0688bf9b3fed8636fa from undefined. Last alive at 2024-11-25T12:58:02.541Z
2024-11-27 18:48:37 - __main__ - INFO - Skipping challenge for Prover: IPv4/0x0cfd8c9b8cb2cb56dbee10d54bb8d7d136763ace from undefined. Last alive at 2024-11-25T14:33:59.792Z
2024-11-27 18:48:37 - __main__ - INFO - Skipping challenge for Prover: IPv4/0x3d3f6c0dec2539bef443c2258d8490bd480ae28d from my-depin-project-name. Last alive at 2024-08-12T21:12:30.678Z
2024-11-27 18:48:37 - __main__ - INFO - Skipping challenge for Prover: IPv4/0x3f2b7121091eef6da1126f1eb73722c646b8a158 from undefined. Last alive at 2024-11-25T12:10:05.799Z
2024-11-27 18:48:37 - __main__ - INFO - Skipping challenge for Prover: IPv6/0xa087e632460f4f98311a5457474a0fb4e431ed9a from my-depin-project-name. Last alive at 2024-10-04T06:54:17.793Z
2024-11-27 18:48:37 - __main__ - INFO - Skipping challenge for Prover: IPv4/0x261cdecd450008670c38ea7119c19e9ee367e4e9 from undefined. Last alive at 2024-11-25T06:44:18.042Z
2024-11-27 18:48:37 - __main__ - INFO - Skipping challenge for Prover: IPv6/0xdf7e7a2336ad5196236bbd574784373d8f767ad4 from null. Last alive at 2024-08-27T09:30:12.962Z
2024-11-27 18:48:37 - __main__ - INFO - Skipping challenge for Prover: IPv4/0x1176acd9b844f2632c6f600b24798d7d23429b4a from . Last alive at 2024-07-22T07:37:29.906Z
2024-11-27 18:48:37 - __main__ - INFO - Skipping challenge for Prover: IPv4/0x6fdc1d7428780aa5d0d839f5d95305eae3dc5a01 from undefined. Last alive at 2024-11-25T12:30:23.862Z
2024-11-27 18:48:37 - __main__ - INFO - Skipping challenge for Prover: IPv6/0x6d2dd96cbbbdd9d4a104ee59196fe89ad55a5b79 from my-depin-project-name. Last alive at 2024-09-02T07:38:12.215Z
2024-11-27 18:48:37 - __main__ - INFO - Skipping challenge for Prover: IPv4/0x37b7334735e24c387f5d3ec38b11df5920c70af4 from undefined. Last alive at 2024-11-26T09:14:28.761Z
2024-11-27 18:48:37 - __main__ - INFO - Skipping challenge for Prover: IPv4/0xae254ad377d7b66ef7e475bf939cb972b90c311e from undefined. Last alive at 2024-11-25T06:37:01.343Z
2024-11-27 18:48:37 - __main__ - INFO - Skipping challenge for Prover: IPv4/0x653b93a873f7fa46211ab7aae1290e929debb8f6 from undefined. Last alive at 2024-11-25T12:34:31.870Z
2024-11-27 18:48:37 - __main__ - INFO - Skipping challenge for Prover: IPv4/0xe9c1c49375317d29d09f66a24fb7ee01106146af from undefined. Last alive at 2024-11-27T05:47:41.365Z
2024-11-27 18:48:37 - __main__ - INFO - Skipping challenge for Prover: IPv4/0xfca86192e6718a8990259c74400d20cf93f514f9 from undefined. Last alive at 2024-11-24T06:03:16.904Z
2024-11-27 18:48:37 - __main__ - INFO - Skipping challenge for Prover: IPv4/0xb958cb3d5ea49aa5bf4b17d6236591a0e402978b from undefined. Last alive at 2024-11-26T05:55:34.916Z
2024-11-27 18:48:37 - __main__ - INFO - Skipping challenge for Prover: IPv4/0x3c8b8c650b6e707c09185758630c5f977332562e from null. Last alive at 2024-10-04T09:34:32.798Z
2024-11-27 18:48:37 - __main__ - INFO - Skipping challenge for Prover: IPv4/0xc46916651f8efe27444dbe0cc3001c6c80992b85 from undefined. Last alive at 2024-11-25T07:28:11.570Z
2024-11-27 18:48:37 - __main__ - INFO - Skipping challenge for Prover: IPv4/0x7317c2b40bbec50e4026b0072edcd2ed31b050f9 from null. Last alive at 2024-08-27T09:36:28.515Z
2024-11-27 18:48:37 - __main__ - INFO - Skipping challenge for Prover: IPv4/0xf449909fa48523a2aa8a466aae886f8b61d7c3c7 from undefined. Last alive at 2024-11-25T08:38:45.807Z
2024-11-27 18:48:37 - __main__ - INFO - Skipping challenge for Prover: IPv4/0x80746e8e08ed01f88df4d0df6687fac450f29a4a from my-depin-project-name. Last alive at 2024-10-10T10:47:29.365Z
2024-11-27 18:48:37 - __main__ - INFO - Skipping challenge for Prover: IPv4/0xb2950bd96d7a690d00fc7993e00a20b2b2ccafb5 from undefined. Last alive at 2024-11-25T07:24:18.906Z
2024-11-27 18:48:37 - __main__ - INFO - Skipping challenge for Prover: IPv4/0xa3a65081bf3ba42438a2328834022228eecd869a from undefined. Last alive at 2024-11-25T08:18:37.103Z
2024-11-27 18:48:37 - __main__ - INFO - Skipping challenge for Prover: IPv4/0xb535b4ca599ad3356fac7b511f6c20825f1db92c from undefined. Last alive at 2024-11-24T06:40:34.918Z
2024-11-27 18:48:37 - __main__ - INFO - Skipping challenge for Prover: IPv4/0xe4b087dda8b3be310a200fbf69a2310ebda0ef29 from undefined. Last alive at 2024-11-25T12:57:21.194Z
2024-11-27 18:48:37 - __main__ - INFO - Skipping challenge for Prover: IPv4/0xce3372ce3b409a733143269c24aa6cc04da03c14 from undefined. Last alive at 2024-11-25T09:25:37.551Z
2024-11-27 18:48:37 - __main__ - INFO - Skipping challenge for Prover: IPv4/0x728a75a4c18febfd3b2b6f376de4c34bebb275f7 from undefined. Last alive at 2024-11-25T08:09:11.827Z
2024-11-27 18:48:37 - __main__ - INFO - Skipping challenge for Prover: IPv4/0xa5cf50f6425dac7776c9a4232a997dd8a89af9c5 from undefined. Last alive at 2024-11-25T05:51:50.765Z
2024-11-27 18:48:37 - __main__ - INFO - Skipping challenge for Prover: IPv4/0x8bb317a22ea438e536c44b77643038e90ab82c7c from undefined. Last alive at 2024-11-25T14:29:36.087Z
2024-11-27 18:48:37 - __main__ - INFO - Skipping challenge for Prover: IPv6/0x3d3f6c0dec2539bef443c2258d8490bd480ae28d from my-depin-project-name. Last alive at 2024-08-12T20:56:35.346Z
2024-11-27 18:48:37 - __main__ - INFO - Skipping challenge for Prover: IPv4/0x448a69beea6994fbff316b49c0e6d91564eb4f81 from my-depin-project-name. Last alive at 2024-10-04T06:54:27.819Z
2024-11-27 18:48:37 - __main__ - INFO - Skipping challenge for Prover: IPv4/0x9db49e0978d8b5101af69f4d4367688c9c34bd7f from dawn_test. Last alive at 2024-11-27T13:54:09.759Z
2024-11-27 18:48:37 - __main__ - INFO - Skipping challenge for Prover: IPv4/0xc25608e59f5382043ec6d5611f7cebf7d07aade9 from undefined. Last alive at 2024-11-25T09:17:15.478Z
2024-11-27 18:48:37 - __main__ - INFO - Skipping challenge for Prover: IPv4/0x224b1a07ec7e6371fa7a3273bbc04ba5a0fe4812 from undefined. Last alive at 2024-11-25T14:15:09.346Z
2024-11-27 18:48:37 - __main__ - INFO - Skipping challenge for Prover: IPv4/0xec6be80443395e05043fd85c1c310fd8c9d4c4ac from undefined. Last alive at 2024-11-25T08:37:35.267Z
2024-11-27 18:48:37 - __main__ - INFO - Skipping challenge for Prover: IPv4/0x2af13411ffa37e1df40d5fe049eb4c5008353d83 from undefined. Last alive at 2024-11-25T06:48:25.338Z
2024-11-27 18:48:37 - __main__ - INFO - Skipping challenge for Prover: IPv4/0x4fcc558c0cd701cb180133745369009b34b867f9 from undefined. Last alive at 2024-11-26T07:47:51.820Z
2024-11-27 18:48:37 - __main__ - INFO - Skipping challenge for Prover: IPv4/0x58b051552cbff642fde97b77b65982c0a7dea185 from --exit_after_successful_challenge. Last alive at 2024-10-04T07:47:42.186Z
2024-11-27 18:48:37 - __main__ - INFO - Skipping challenge for Prover: IPv4/0x06d07a680a141a61cf4d17c18d4f0c105b15c893 from null. Last alive at 2024-08-27T08:44:33.066Z
2024-11-27 18:48:37 - __main__ - INFO - Skipping challenge for Prover: IPv4/0xed29deff783b096bd2d123ea482c0706996c7cc3 from undefined. Last alive at 2024-11-25T12:33:25.124Z
2024-11-27 18:48:37 - __main__ - INFO - Skipping challenge for Prover: IPv4/0xc55f7cccfed6a06529643a87b96e8cf3e367344e from my-depin-project-name. Last alive at 2024-08-20T07:16:45.915Z
2024-11-27 18:48:37 - __main__ - INFO - Skipping challenge for Prover: IPv4/0x4fb6cbf80d49fa1b83db6e691cb2b69c15ae17f3 from undefined. Last alive at 2024-11-25T07:31:59.277Z
2024-11-27 18:48:37 - __main__ - INFO - Skipping challenge for Prover: IPv6/0x1fb07cfb63cdb7d81819ff988e3e785722c2a980 from null. Last alive at 2024-08-27T08:58:45.783Z
2024-11-27 18:48:37 - __main__ - INFO - Skipping challenge for Prover: IPv4/0x8c9464b01784e3055d51436de40972e438a00f17 from undefined. Last alive at 2024-11-27T05:47:20.947Z
2024-11-27 18:48:37 - __main__ - INFO - Skipping challenge for Prover: IPv6/0x30d13da580148f34c96fcde5ff383583fcd25cc6 from sen-cdn. Last alive at 2024-08-29T10:55:27.454Z
2024-11-27 18:48:37 - __main__ - INFO - Skipping challenge for Prover: IPv4/0x8f4f8388a26ae6b81e5ff0fde90e21f4c6f04953 from undefined. Last alive at 2024-11-25T08:46:14.012Z
2024-11-27 18:48:37 - __main__ - INFO - Skipping challenge for Prover: IPv6/0x06d07a680a141a61cf4d17c18d4f0c105b15c893 from null. Last alive at 2024-08-27T08:44:33.112Z
2024-11-27 18:48:37 - __main__ - INFO - Skipping challenge for Prover: IPv4/0x97ec12aac155ec011c11eca1072f4ab9a480076f from null. Last alive at 2024-08-27T09:37:30.693Z
2024-11-27 18:48:37 - __main__ - INFO - Skipping challenge for Prover: IPv4/0xd1878bd871b39c6b49165ed3cec066da2825004a from undefined. Last alive at 2024-11-25T06:45:05.975Z
2024-11-27 18:48:37 - __main__ - INFO - Skipping challenge for Prover: IPv4/0xdf7e7a2336ad5196236bbd574784373d8f767ad4 from null. Last alive at 2024-08-27T09:30:12.672Z
2024-11-27 18:48:37 - __main__ - INFO - Skipping challenge for Prover: IPv4/0xb2dc8db3cb94ab2406a3ffd3c96295306b1e347e from my-depin-project-name. Last alive at 2024-08-22T06:21:35.239Z
2024-11-27 18:48:37 - __main__ - INFO - Skipping challenge for Prover: IPv4/0x9d088b5c5bb9d834675ac9187de4b2c7afc90b06 from null. Last alive at 2024-08-27T09:36:14.453Z
2024-11-27 18:48:37 - __main__ - INFO - Skipping challenge for Prover: IPv4/0x60911a89d3f0dec56eb49211f95261f8794689db from my-depin-project-name. Last alive at 2024-09-25T10:04:36.733Z
2024-11-28 15:29:20 - __main__ - INFO - PROOF CONFIG: {'number_challengers_default': 2, 'challengers_tolerance_default': 0, 'challenge_timeout_secs_minimum_default': 1000000000, 'attribute_ids': ['pob-v1.witnesschain.com'], 'role': 'payer', 'project_name': 'WITNESS_CHAIN', 'alive_check_minutes': 2}
2024-11-28 15:29:20 - __main__ - INFO - Pre-login successful
2024-11-28 15:29:21 - __main__ - INFO - Login successful
2024-11-28 15:29:21 - __main__ - INFO - Got Provers: 117
2024-11-28 15:29:21 - __main__ - INFO - Skipping challenge for Prover: IPv4/0x1176acd9b844f2632c6f600b24798d7d23429b4a from . Last alive at 2024-07-22T07:37:29.906Z
2024-11-28 15:29:21 - __main__ - INFO - Skipping challenge for Prover: IPv4/0x728a75a4c18febfd3b2b6f376de4c34bebb275f7 from undefined. Last alive at 2024-11-25T08:09:11.827Z
2024-11-28 15:29:21 - __main__ - INFO - Skipping challenge for Prover: IPv4/0x1fb07cfb63cdb7d81819ff988e3e785722c2a980 from null. Last alive at 2024-08-27T08:59:14.128Z
2024-11-28 15:29:21 - __main__ - INFO - Skipping challenge for Prover: IPv6/0x60911a89d3f0dec56eb49211f95261f8794689db from my-depin-project-name. Last alive at 2024-09-25T10:04:36.738Z
2024-11-28 15:29:21 - __main__ - INFO - Skipping challenge for Prover: IPv4/0x6a40c75e42c9dd73fb509bbae479b82cbef657f3 from undefined. Last alive at 2024-11-24T04:45:53.706Z
2024-11-28 15:29:21 - __main__ - INFO - Skipping challenge for Prover: IPv4/0x2d74eb7be718158df9ef6e0fc4606a44edb8ebdb from undefined. Last alive at 2024-11-26T04:05:34.316Z
2024-11-28 15:29:21 - __main__ - INFO - Skipping challenge for Prover: IPv4/0xa3a65081bf3ba42438a2328834022228eecd869a from undefined. Last alive at 2024-11-25T08:18:37.103Z
2024-11-28 15:29:21 - __main__ - INFO - Skipping challenge for Prover: IPv4/0x8c9464b01784e3055d51436de40972e438a00f17 from undefined. Last alive at 2024-11-27T05:47:20.947Z
2024-11-28 15:29:21 - __main__ - INFO - Skipping challenge for Prover: IPv4/0x698942b1991f8bc184833f11a74c827e2b0e856b from undefined. Last alive at 2024-11-26T07:47:39.725Z
2024-11-28 15:29:21 - __main__ - INFO - Skipping challenge for Prover: IPv4/0xb2dc8db3cb94ab2406a3ffd3c96295306b1e347e from my-depin-project-name. Last alive at 2024-08-22T06:21:35.239Z
2024-11-28 15:29:21 - __main__ - INFO - Skipping challenge for Prover: IPv4/0xffa16262816e5927b174ca45bbdf88ffdcf4800c from undefined. Last alive at 2024-11-25T12:48:30.941Z
2024-11-28 15:29:21 - __main__ - INFO - Skipping challenge for Prover: IPv4/0xfb7bdeb6b44d36e91f2dda0ebecbc730f4133cfa from undefined. Last alive at 2024-11-25T08:18:46.817Z
2024-11-28 15:29:21 - __main__ - INFO - Skipping challenge for Prover: IPv4/0x52374cce1bc1e2cd47c86e64e01bc0fd673c3639 from my-depin-project-name. Last alive at 2024-07-26T08:15:49.048Z
2024-11-28 15:29:21 - __main__ - INFO - Skipping challenge for Prover: IPv4/0x06d07a680a141a61cf4d17c18d4f0c105b15c893 from null. Last alive at 2024-08-27T08:44:33.066Z
2024-11-28 15:29:21 - __main__ - INFO - Skipping challenge for Prover: IPv4/0x470298714f5b82d2b645c25c23ea6161da8f1246 from null. Last alive at 2024-11-25T11:08:21.536Z
2024-11-28 15:29:21 - __main__ - INFO - Skipping challenge for Prover: IPv4/0x0ab3de702792acd4c2be348c69d4429ba3810778 from undefined. Last alive at 2024-11-25T14:37:16.355Z
2024-11-28 15:29:21 - __main__ - INFO - Skipping challenge for Prover: IPv4/0x0e5d433a20d5db0628ae502c96c5cb1170536b3b from undefined. Last alive at 2024-11-22T14:57:20.148Z
2024-11-28 15:29:21 - __main__ - INFO - Skipping challenge for Prover: IPv4/0x6b5e5e96072d853ac8c12a18e96e45dfa0a7a21d from undefined. Last alive at 2024-11-25T08:23:00.519Z
2024-11-28 15:29:21 - __main__ - INFO - Skipping challenge for Prover: IPv4/0x3d3f6c0dec2539bef443c2258d8490bd480ae28d from my-depin-project-name. Last alive at 2024-08-12T21:12:30.678Z
2024-11-28 15:29:21 - __main__ - INFO - Skipping challenge for Prover: IPv4/0xce3372ce3b409a733143269c24aa6cc04da03c14 from undefined. Last alive at 2024-11-25T09:25:37.551Z
2024-11-28 15:29:21 - __main__ - INFO - Skipping challenge for Prover: IPv4/0xf2fbe5a7247aa0eaf68f04fe132b73a07d802e86 from my-depin-project-name. Last alive at 2024-10-16T11:56:22.748Z
2024-11-28 15:29:21 - __main__ - INFO - Skipping challenge for Prover: IPv4/0xcc3da34d9541c25a831be2233f2d0d2cf43326b2 from undefined. Last alive at 2024-11-25T14:29:20.088Z
2024-11-28 15:29:21 - __main__ - INFO - Skipping challenge for Prover: IPv4/0x57b1f808b922537da4a6ec7b799c4e93d0ea7fe0 from undefined. Last alive at 2024-11-26T07:48:53.183Z
2024-11-28 15:29:21 - __main__ - INFO - Skipping challenge for Prover: IPv4/0x60911a89d3f0dec56eb49211f95261f8794689db from my-depin-project-name. Last alive at 2024-09-25T10:04:36.733Z
2024-11-28 15:29:21 - __main__ - INFO - Skipping challenge for Prover: IPv4/0x3f9b7269e7dff4c1c2dd2ec2b0a5369957a98fc1 from undefined. Last alive at 2024-11-24T06:02:45.342Z
2024-11-28 15:29:21 - __main__ - INFO - Skipping challenge for Prover: IPv4/0xed29deff783b096bd2d123ea482c0706996c7cc3 from undefined. Last alive at 2024-11-25T12:33:25.124Z
2024-11-28 15:29:21 - __main__ - INFO - Skipping challenge for Prover: IPv4/0xae254ad377d7b66ef7e475bf939cb972b90c311e from undefined. Last alive at 2024-11-25T06:37:01.343Z
2024-11-28 15:29:21 - __main__ - INFO - Skipping challenge for Prover: IPv4/0x9c398b5320e33898eba9335940db4fd94b04d2b5 from undefined. Last alive at 2024-11-26T07:48:00.989Z
2024-11-28 15:29:21 - __main__ - INFO - Skipping challenge for Prover: IPv4/0x312c5bd2760827139b0820e043bc8f306f97398e from undefined. Last alive at 2024-11-25T09:19:10.058Z
2024-11-28 15:29:21 - __main__ - INFO - Skipping challenge for Prover: IPv6/0xdf7e7a2336ad5196236bbd574784373d8f767ad4 from null. Last alive at 2024-08-27T09:30:12.962Z
2024-11-28 15:29:21 - __main__ - INFO - Skipping challenge for Prover: IPv4/0x7317c2b40bbec50e4026b0072edcd2ed31b050f9 from null. Last alive at 2024-08-27T09:36:28.515Z
2024-11-28 15:29:21 - __main__ - INFO - Skipping challenge for Prover: IPv6/0x52374cce1bc1e2cd47c86e64e01bc0fd673c3639 from my-depin-project-name. Last alive at 2024-07-26T08:15:48.662Z
2024-11-28 15:29:21 - __main__ - INFO - Skipping challenge for Prover: IPv6/0xf2fbe5a7247aa0eaf68f04fe132b73a07d802e86 from my-depin-project-name. Last alive at 2024-10-16T11:56:22.747Z
2024-11-28 15:29:21 - __main__ - INFO - Skipping challenge for Prover: IPv4/0x34a6d8d538572284afa10486928cdedc4194516a from undefined. Last alive at 2024-11-24T05:37:54.982Z
2024-11-28 15:29:21 - __main__ - INFO - Skipping challenge for Prover: IPv4/0xfca86192e6718a8990259c74400d20cf93f514f9 from undefined. Last alive at 2024-11-24T06:03:16.904Z
2024-11-28 15:29:21 - __main__ - INFO - Skipping challenge for Prover: IPv4/0xe4b087dda8b3be310a200fbf69a2310ebda0ef29 from undefined. Last alive at 2024-11-25T12:57:21.194Z
2024-11-28 15:29:21 - __main__ - INFO - Skipping challenge for Prover: IPv4/0x9db49e0978d8b5101af69f4d4367688c9c34bd7f from dawn_test. Last alive at 2024-11-27T13:54:09.759Z
2024-11-28 15:29:21 - __main__ - INFO - Skipping challenge for Prover: IPv4/0x30d13da580148f34c96fcde5ff383583fcd25cc6 from sen-cdn. Last alive at 2024-08-29T10:55:21.642Z
2024-11-28 15:29:21 - __main__ - INFO - Skipping challenge for Prover: IPv4/0xb6c776c9a69fe5502cff601de5c3b036db75f37a from undefined. Last alive at 2024-11-25T13:35:24.853Z
2024-11-28 15:29:21 - __main__ - INFO - Skipping challenge for Prover: IPv6/0x06d07a680a141a61cf4d17c18d4f0c105b15c893 from null. Last alive at 2024-08-27T08:44:33.112Z
2024-11-28 15:29:21 - __main__ - INFO - Skipping challenge for Prover: IPv4/0x2c5b722ecf1b9ccbc5fb1f75b4600e181e122c33 from undefined. Last alive at 2024-11-25T13:50:14.244Z
2024-11-28 15:29:21 - __main__ - INFO - Skipping challenge for Prover: IPv4/0x80afb83c7ef95e3a19ddd95c11c985c6c59e5416 from null. Last alive at 2024-11-21T23:48:05.166Z
2024-11-28 15:29:21 - __main__ - INFO - Skipping challenge for Prover: IPv4/0x303c6eb931c00078f466d7ef356bfaf4d8a0c86d from my-depin-project-name. Last alive at 2024-08-20T07:10:19.249Z
2024-11-28 15:29:21 - __main__ - INFO - Skipping challenge for Prover: IPv6/0x9d088b5c5bb9d834675ac9187de4b2c7afc90b06 from null. Last alive at 2024-08-27T09:36:14.706Z
2024-11-28 15:29:21 - __main__ - INFO - Skipping challenge for Prover: IPv4/0xc252ad8081ababbbe45f70d55aff96b7a12761c7 from undefined. Last alive at 2024-11-26T09:09:46.265Z
2024-11-28 15:29:21 - __main__ - INFO - Skipping challenge for Prover: IPv4/0x4fcc558c0cd701cb180133745369009b34b867f9 from undefined. Last alive at 2024-11-26T07:47:51.820Z
2024-11-28 15:29:21 - __main__ - INFO - Skipping challenge for Prover: IPv4/0xf3a6a7cc74477b0a94f2ada45987d2ffa223f89a from undefined. Last alive at 2024-11-24T04:42:53.873Z
2024-11-28 15:29:21 - __main__ - INFO - Skipping challenge for Prover: IPv4/0xd1878bd871b39c6b49165ed3cec066da2825004a from undefined. Last alive at 2024-11-25T06:45:05.975Z
2024-11-28 15:29:21 - __main__ - INFO - Skipping challenge for Prover: IPv6/0xa087e632460f4f98311a5457474a0fb4e431ed9a from my-depin-project-name. Last alive at 2024-10-04T06:54:17.793Z
2024-11-28 15:29:21 - __main__ - INFO - Skipping challenge for Prover: IPv4/0x261cdecd450008670c38ea7119c19e9ee367e4e9 from undefined. Last alive at 2024-11-25T06:44:18.042Z
2024-11-28 15:29:21 - __main__ - INFO - Skipping challenge for Prover: IPv4/0x6395671c32fa7e90334b56f1d66f2d6bdd7a516a from my-depin-project-name. Last alive at 2024-10-03T10:31:22.570Z
2024-11-28 15:29:21 - __main__ - INFO - Skipping challenge for Prover: IPv4/0xa087e632460f4f98311a5457474a0fb4e431ed9a from my-depin-project-name. Last alive at 2024-10-10T09:00:35.819Z
2024-11-28 15:29:21 - __main__ - INFO - Skipping challenge for Prover: IPv4/0xea16cc041fb01304146747d96b8bf6c4d6a5b12b from undefined. Last alive at 2024-11-25T12:31:28.852Z
2024-11-28 15:29:21 - __main__ - INFO - Skipping challenge for Prover: IPv4/0x3c8b8c650b6e707c09185758630c5f977332562e from null. Last alive at 2024-10-04T09:34:32.798Z
2024-11-28 15:29:21 - __main__ - INFO - Skipping challenge for Prover: IPv6/0x372fdf4ebdc6a8fefbe04d4f3b9e38dda3a73270 from my-depin-project-name. Last alive at 2024-09-05T10:42:41.193Z
2024-11-28 15:29:21 - __main__ - INFO - Skipping challenge for Prover: IPv4/0x33d9e5356bf3cccf7d5ed00f95e2ba15dd5c0fb9 from undefined. Last alive at 2024-11-25T13:03:50.379Z
2024-11-28 15:29:21 - __main__ - INFO - Skipping challenge for Prover: IPv4/0xb2950bd96d7a690d00fc7993e00a20b2b2ccafb5 from undefined. Last alive at 2024-11-25T07:24:18.906Z
2024-11-28 15:29:21 - __main__ - INFO - Skipping challenge for Prover: IPv4/0x653b93a873f7fa46211ab7aae1290e929debb8f6 from undefined. Last alive at 2024-11-25T12:34:31.870Z
2024-11-28 15:29:21 - __main__ - INFO - Skipping challenge for Prover: IPv4/0x5b036cea9eabb292c1a23e585da7596c2689e77b from undefined. Last alive at 2024-11-25T05:51:23.583Z
2024-11-28 15:29:21 - __main__ - INFO - Skipping challenge for Prover: IPv4/0x448a69beea6994fbff316b49c0e6d91564eb4f81 from my-depin-project-name. Last alive at 2024-10-04T06:54:27.819Z
2024-11-28 15:29:21 - __main__ - INFO - Skipping challenge for Prover: IPv4/0xe8f756a490c81be925f34349ad492636e37a808e from undefined. Last alive at 2024-11-26T09:15:17.443Z
2024-11-28 15:29:21 - __main__ - INFO - Skipping challenge for Prover: IPv4/0xd631a30045e1e224947534a629ab891706387015 from null. Last alive at 2024-11-25T10:02:11.051Z
2024-11-28 15:29:21 - __main__ - INFO - Skipping challenge for Prover: IPv4/0x3f2b7121091eef6da1126f1eb73722c646b8a158 from undefined. Last alive at 2024-11-25T12:10:05.799Z
2024-11-28 15:29:21 - __main__ - INFO - Skipping challenge for Prover: IPv4/0x96d83b0022b7b5da3fb68991bdd99d9a42957927 from null. Last alive at 2024-08-27T09:36:55.699Z
2024-11-28 15:29:21 - __main__ - INFO - Skipping challenge for Prover: IPv4/0x97ec12aac155ec011c11eca1072f4ab9a480076f from null. Last alive at 2024-08-27T09:37:30.693Z
2024-11-28 15:29:21 - __main__ - INFO - Skipping challenge for Prover: IPv4/0xc25608e59f5382043ec6d5611f7cebf7d07aade9 from undefined. Last alive at 2024-11-25T09:17:15.478Z
2024-11-28 15:29:21 - __main__ - INFO - Skipping challenge for Prover: IPv6/0x1fb07cfb63cdb7d81819ff988e3e785722c2a980 from null. Last alive at 2024-08-27T08:58:45.783Z
2024-11-28 15:29:21 - __main__ - INFO - Skipping challenge for Prover: IPv4/0xe876e2a98b2fe31f3c5a83af2cb849dd573d2b74 from my-depin-project-name. Last alive at 2024-08-22T22:43:30.467Z
2024-11-28 15:29:21 - __main__ - INFO - Skipping challenge for Prover: IPv4/0x276ea3cc19410171c6c5ae6a944eb30e3f07d2b2 from undefined. Last alive at 2024-11-25T12:44:58.587Z
2024-11-28 15:29:21 - __main__ - INFO - Skipping challenge for Prover: IPv4/0xed16d386e4ca1fff3d974663ea572e938902c992 from my-depin-project-name. Last alive at 2024-11-05T10:38:11.936Z
2024-11-28 15:29:21 - __main__ - INFO - Skipping challenge for Prover: IPv4/0x8bb317a22ea438e536c44b77643038e90ab82c7c from undefined. Last alive at 2024-11-25T14:29:36.087Z
2024-11-28 15:29:21 - __main__ - INFO - Skipping challenge for Prover: IPv4/0x6fdc1d7428780aa5d0d839f5d95305eae3dc5a01 from undefined. Last alive at 2024-11-25T12:30:23.862Z
2024-11-28 15:29:21 - __main__ - INFO - Skipping challenge for Prover: IPv4/0x9f12ec486df2dde7dbd298ef6ea54818c563fb28 from null. Last alive at 2024-11-25T07:22:41.053Z
2024-11-28 15:29:21 - __main__ - INFO - Skipping challenge for Prover: IPv4/0xe9c1c49375317d29d09f66a24fb7ee01106146af from undefined. Last alive at 2024-11-27T05:47:41.365Z
2024-11-28 15:29:21 - __main__ - INFO - Skipping challenge for Prover: IPv4/0x2af13411ffa37e1df40d5fe049eb4c5008353d83 from undefined. Last alive at 2024-11-25T06:48:25.338Z
2024-11-28 15:29:21 - __main__ - INFO - Skipping challenge for Prover: IPv4/0x06dc9c305ebb6adf2bf33f63ebd9dc0a4951b54b from undefined. Last alive at 2024-11-25T07:47:48.493Z
2024-11-28 15:29:21 - __main__ - INFO - Skipping challenge for Prover: IPv4/0xc46916651f8efe27444dbe0cc3001c6c80992b85 from undefined. Last alive at 2024-11-25T07:28:11.570Z
2024-11-28 15:29:21 - __main__ - INFO - Skipping challenge for Prover: IPv4/0xc55f7cccfed6a06529643a87b96e8cf3e367344e from my-depin-project-name. Last alive at 2024-08-20T07:16:45.915Z
2024-11-28 15:29:21 - __main__ - INFO - Skipping challenge for Prover: IPv4/0x8fd3e1c3a883d7c3a3a9dfba44c1b12380b1a4ec from undefined. Last alive at 2024-11-25T14:42:34.239Z
2024-11-28 15:29:21 - __main__ - INFO - Skipping challenge for Prover: IPv4/0xbdade7fbe115473347a41dfddc182a75cfe33f7a from undefined. Last alive at 2024-11-24T05:33:41.808Z
2024-11-28 15:29:21 - __main__ - INFO - Skipping challenge for Prover: IPv4/0xbad2ca3b560cf1ab8d6ea0fd733bd902be3c7f1b from . Last alive at 2024-07-22T06:55:25.419Z
2024-11-28 15:29:21 - __main__ - INFO - Skipping challenge for Prover: IPv4/0xef65325b30588e8d8293080060065135019ed55c from . Last alive at 2024-07-18T06:51:10.610Z
2024-11-28 15:29:21 - __main__ - INFO - Skipping challenge for Prover: IPv4/0x80746e8e08ed01f88df4d0df6687fac450f29a4a from my-depin-project-name. Last alive at 2024-10-10T10:47:29.365Z
2024-11-28 15:29:21 - __main__ - INFO - Skipping challenge for Prover: IPv4/0x7c1a94e8fc55640bde0037212e43ac9a58c4805b from undefined. Last alive at 2024-11-25T14:28:39.750Z
2024-11-28 15:29:21 - __main__ - INFO - Skipping challenge for Prover: IPv4/0x609f159d91297562d9e8c90fe06797ce8b500ac0 from undefined. Last alive at 2024-11-25T04:53:43.173Z
2024-11-28 15:29:21 - __main__ - INFO - Skipping challenge for Prover: IPv6/0x6395671c32fa7e90334b56f1d66f2d6bdd7a516a from my-depin-project-name. Last alive at 2024-09-03T11:08:51.029Z
2024-11-28 15:29:21 - __main__ - INFO - Skipping challenge for Prover: IPv4/0xe22c6bccba9217047c7cce9740494ce7247fe8f2 from undefined. Last alive at 2024-11-26T04:03:16.871Z
2024-11-28 15:29:21 - __main__ - INFO - Skipping challenge for Prover: IPv4/0xd8f8ee62553d3b6c679c0d492616783c4d41a829 from undefined. Last alive at 2024-11-25T12:57:28.984Z
2024-11-28 15:29:21 - __main__ - INFO - Skipping challenge for Prover: IPv4/0x0cfd8c9b8cb2cb56dbee10d54bb8d7d136763ace from undefined. Last alive at 2024-11-25T14:33:59.792Z
2024-11-28 15:29:21 - __main__ - INFO - Skipping challenge for Prover: IPv4/0x6d2dd96cbbbdd9d4a104ee59196fe89ad55a5b79 from my-depin-project-name. Last alive at 2024-09-02T07:59:35.102Z
2024-11-28 15:29:21 - __main__ - INFO - Skipping challenge for Prover: IPv4/0xc05255865231ea4634116ebbb95fd82413dc81d1 from undefined. Last alive at 2024-11-25T07:31:05.230Z
2024-11-28 15:29:21 - __main__ - INFO - Skipping challenge for Prover: IPv4/0x224b1a07ec7e6371fa7a3273bbc04ba5a0fe4812 from undefined. Last alive at 2024-11-25T14:15:09.346Z
2024-11-28 15:29:21 - __main__ - INFO - Skipping challenge for Prover: IPv4/0x9d55c464df339af51aa6da0688bf9b3fed8636fa from undefined. Last alive at 2024-11-25T12:58:02.541Z
2024-11-28 15:29:21 - __main__ - INFO - Skipping challenge for Prover: IPv4/0x0bc40f93dd3193e65024ae9bb4e7fad4578b3dec from witness_chain. Last alive at 2024-11-28T05:53:02.405Z
2024-11-28 15:29:21 - __main__ - INFO - Skipping challenge for Prover: IPv4/0x8dca090c2221b9c8688425c3d5e0c76d11c2507d from . Last alive at 2024-10-04T07:57:26.566Z
2024-11-28 15:29:21 - __main__ - INFO - Skipping challenge for Prover: IPv4/0xf449909fa48523a2aa8a466aae886f8b61d7c3c7 from undefined. Last alive at 2024-11-25T08:38:45.807Z
2024-11-28 15:29:21 - __main__ - INFO - Skipping challenge for Prover: IPv4/0x4fb6cbf80d49fa1b83db6e691cb2b69c15ae17f3 from undefined. Last alive at 2024-11-25T07:31:59.277Z
2024-11-28 15:29:21 - __main__ - INFO - Skipping challenge for Prover: IPv6/0x3d3f6c0dec2539bef443c2258d8490bd480ae28d from my-depin-project-name. Last alive at 2024-08-12T20:56:35.346Z
2024-11-28 15:29:21 - __main__ - INFO - Skipping challenge for Prover: IPv4/0xb958cb3d5ea49aa5bf4b17d6236591a0e402978b from undefined. Last alive at 2024-11-26T05:55:34.916Z
2024-11-28 15:29:21 - __main__ - INFO - Skipping challenge for Prover: IPv4/0xc8b5f991cc7b6a906f9baed4e765e8f9d118af34 from undefined. Last alive at 2024-11-25T12:46:49.240Z
2024-11-28 15:29:21 - __main__ - INFO - Skipping challenge for Prover: IPv4/0xec6be80443395e05043fd85c1c310fd8c9d4c4ac from undefined. Last alive at 2024-11-25T08:37:35.267Z
2024-11-28 15:29:21 - __main__ - INFO - Skipping challenge for Prover: IPv4/0x58b051552cbff642fde97b77b65982c0a7dea185 from --exit_after_successful_challenge. Last alive at 2024-10-04T07:47:42.186Z
2024-11-28 15:29:21 - __main__ - INFO - Skipping challenge for Prover: IPv4/0x37b7334735e24c387f5d3ec38b11df5920c70af4 from undefined. Last alive at 2024-11-26T09:14:28.761Z
2024-11-28 15:29:21 - __main__ - INFO - Skipping challenge for Prover: IPv4/0x9d088b5c5bb9d834675ac9187de4b2c7afc90b06 from null. Last alive at 2024-08-27T09:36:14.453Z
2024-11-28 15:29:21 - __main__ - INFO - Skipping challenge for Prover: IPv4/0xb535b4ca599ad3356fac7b511f6c20825f1db92c from undefined. Last alive at 2024-11-24T06:40:34.918Z
2024-11-28 15:29:21 - __main__ - INFO - Skipping challenge for Prover: IPv4/0x1ba49aa8cf94debdff843d2b82eb8340592f3382 from undefined. Last alive at 2024-11-25T06:44:13.635Z
2024-11-28 15:29:21 - __main__ - INFO - Skipping challenge for Prover: IPv4/0xdf7e7a2336ad5196236bbd574784373d8f767ad4 from null. Last alive at 2024-08-27T09:30:12.672Z
2024-11-28 15:29:21 - __main__ - INFO - Skipping challenge for Prover: IPv4/0x6ab275b60fe56130cf5d5aceae9063df3e019e69 from null. Last alive at 2024-08-27T10:17:05.745Z
2024-11-28 15:29:21 - __main__ - INFO - Skipping challenge for Prover: IPv4/0xa5cf50f6425dac7776c9a4232a997dd8a89af9c5 from undefined. Last alive at 2024-11-25T05:51:50.765Z
2024-11-28 15:29:21 - __main__ - INFO - Skipping challenge for Prover: IPv4/0x403172189c3549cb8083d471b657434ffc005740 from undefined. Last alive at 2024-11-26T03:57:43.830Z
2024-11-28 15:29:21 - __main__ - INFO - Skipping challenge for Prover: IPv6/0x30d13da580148f34c96fcde5ff383583fcd25cc6 from sen-cdn. Last alive at 2024-08-29T10:55:27.454Z
2024-11-28 15:29:21 - __main__ - INFO - Skipping challenge for Prover: IPv4/0x8f4f8388a26ae6b81e5ff0fde90e21f4c6f04953 from undefined. Last alive at 2024-11-25T08:46:14.012Z
2024-11-28 15:29:21 - __main__ - INFO - Challenging Prover: IPv4/0x527c6999778b8ec67e83ed44062bbfea6f69a74a from witness_chain. Last alive at 2024-11-28T13:28:54.169Z
2024-11-28 15:29:21 - __main__ - INFO - Claims: {'downlink_bandwidth': 10, 'uplink_bandwidth': 10}
2024-11-28 15:29:21 - __main__ - INFO - Challenge info: b'\x00\x00\x00\x00\x00\x00\x00\x00\x00\x00\x00\x00\x91\x01=<\xec\xe0U`=\x8b\x1e\xe7\xdc\xb1\xf6p\xf4\x80\xfe$\x00\x00\x00\x00\x00\x00\x00\x00\x00\x00\x00\x00R|i\x99w\x8b\x8e\xc6~\x83\xedD\x06+\xbf\xeaoi\xa7J\x00\x00\x00\x00\x00\x00\x00\x00\x00\x00\x00\x00\x00\x00\x00\x00\x00\x00\x00\x00\x00\x00\x00\x00\x00\x00\x00\x00\x00\x00\x00\x00\x00\x00\x00\x00\x00\x00\x00\x00\x00\x00\x00\x00\x00\x00\x00\x00\x00\x00\x00\x00\x00\x00\x00\x00\x00\x00\x00\x00\x00\x00\x00\x00\x00\x00\x00\x00\x00\x00\x00\x00\x00\x00\x00\x00\x00\x00\x00\x00\x00\x00\x00\x00\x00\x00\x00\x00\x00\x00\x00\x00\x00\x00\x00\x02\x00\x00\x00\x00\x00\x00\x00\x00\x00\x00\x00\x00\x00\x00\x00\x00\x00\x00\x00\x00\x00\x00\x00\x00\x00\x00\x00\x00\x00\x00\x00\n\x00\x00\x00\x00\x00\x00\x00\x00\x00\x00\x00\x00\x00\x00\x00\x00\x00\x00\x00\x00\x00\x00\x00\x00\x00\x00\x00\x00\x00\x00\x00\n\x00\x00\x00\x00\x00\x00\x00\x00\x00\x00\x00\x00\x00\x00\x00\x00\x00\x00\x00\x00\x00\x00\x00\x00\x00\x00\x00\x00\x00\x00\x00\x01'
2024-11-28 15:29:25 - __main__ - INFO - Challenges: []
2024-11-28 15:29:25 - __main__ - INFO - Skipping challenge for Prover: IPv4/0x8f07189ca79ea6d0a8c05356d244f45e9954c283 from undefined. Last alive at 2024-11-25T13:33:58.270Z
2024-11-28 15:29:25 - __main__ - INFO - Skipping challenge for Prover: IPv6/0x6d2dd96cbbbdd9d4a104ee59196fe89ad55a5b79 from my-depin-project-name. Last alive at 2024-09-02T07:38:12.215Z
2024-11-28 15:29:25 - __main__ - INFO - Skipping challenge for Prover: IPv4/0x89d07ac83f1d4b0b5169dbd92c375a2b55ac9e62 from undefined. Last alive at 2024-11-25T08:12:22.389Z
2024-11-28 15:29:25 - __main__ - INFO - Skipping challenge for Prover: IPv4/0x372fdf4ebdc6a8fefbe04d4f3b9e38dda3a73270 from my-depin-project-name. Last alive at 2024-09-05T10:42:41.199Z
2024-11-28 15:32:37 - __main__ - INFO - PROOF CONFIG: {'number_challengers_default': 2, 'challengers_tolerance_default': 0, 'challenge_timeout_secs_minimum_default': 1000000000, 'attribute_ids': ['pob-v1.witnesschain.com'], 'role': 'payer', 'project_name': 'WITNESS_CHAIN', 'alive_check_minutes': 2}
2024-11-28 15:32:37 - __main__ - INFO - Pre-login successful
2024-11-28 15:32:38 - __main__ - INFO - Login successful
2024-11-28 15:32:38 - __main__ - INFO - Got Provers: 117
2024-11-28 15:32:38 - __main__ - INFO - Skipping challenge for Prover: IPv6/0xdf7e7a2336ad5196236bbd574784373d8f767ad4 from null. Last alive at 2024-08-27T09:30:12.962Z
2024-11-28 15:32:38 - __main__ - INFO - Skipping challenge for Prover: IPv4/0x57b1f808b922537da4a6ec7b799c4e93d0ea7fe0 from undefined. Last alive at 2024-11-26T07:48:53.183Z
2024-11-28 15:32:38 - __main__ - INFO - Skipping challenge for Prover: IPv4/0x470298714f5b82d2b645c25c23ea6161da8f1246 from null. Last alive at 2024-11-25T11:08:21.536Z
2024-11-28 15:32:38 - __main__ - INFO - Skipping challenge for Prover: IPv4/0x9db49e0978d8b5101af69f4d4367688c9c34bd7f from dawn_test. Last alive at 2024-11-27T13:54:09.759Z
2024-11-28 15:32:38 - __main__ - INFO - Skipping challenge for Prover: IPv4/0x6ab275b60fe56130cf5d5aceae9063df3e019e69 from null. Last alive at 2024-08-27T10:17:05.745Z
2024-11-28 15:32:38 - __main__ - INFO - Skipping challenge for Prover: IPv4/0x8f4f8388a26ae6b81e5ff0fde90e21f4c6f04953 from undefined. Last alive at 2024-11-25T08:46:14.012Z
2024-11-28 15:32:38 - __main__ - INFO - Skipping challenge for Prover: IPv4/0x8dca090c2221b9c8688425c3d5e0c76d11c2507d from . Last alive at 2024-10-04T07:57:26.566Z
2024-11-28 15:32:38 - __main__ - INFO - Skipping challenge for Prover: IPv4/0x34a6d8d538572284afa10486928cdedc4194516a from undefined. Last alive at 2024-11-24T05:37:54.982Z
2024-11-28 15:32:38 - __main__ - INFO - Skipping challenge for Prover: IPv4/0x58b051552cbff642fde97b77b65982c0a7dea185 from --exit_after_successful_challenge. Last alive at 2024-10-04T07:47:42.186Z
2024-11-28 15:32:38 - __main__ - INFO - Skipping challenge for Prover: IPv4/0xea16cc041fb01304146747d96b8bf6c4d6a5b12b from undefined. Last alive at 2024-11-25T12:31:28.852Z
2024-11-28 15:32:38 - __main__ - INFO - Skipping challenge for Prover: IPv4/0xc252ad8081ababbbe45f70d55aff96b7a12761c7 from undefined. Last alive at 2024-11-26T09:09:46.265Z
2024-11-28 15:32:38 - __main__ - INFO - Skipping challenge for Prover: IPv4/0xe876e2a98b2fe31f3c5a83af2cb849dd573d2b74 from my-depin-project-name. Last alive at 2024-08-22T22:43:30.467Z
2024-11-28 15:32:38 - __main__ - INFO - Skipping challenge for Prover: IPv4/0x609f159d91297562d9e8c90fe06797ce8b500ac0 from undefined. Last alive at 2024-11-25T04:53:43.173Z
2024-11-28 15:32:38 - __main__ - INFO - Skipping challenge for Prover: IPv4/0x9d55c464df339af51aa6da0688bf9b3fed8636fa from undefined. Last alive at 2024-11-25T12:58:02.541Z
2024-11-28 15:32:38 - __main__ - INFO - Skipping challenge for Prover: IPv4/0xd631a30045e1e224947534a629ab891706387015 from null. Last alive at 2024-11-25T10:02:11.051Z
2024-11-28 15:32:38 - __main__ - INFO - Skipping challenge for Prover: IPv4/0xa3a65081bf3ba42438a2328834022228eecd869a from undefined. Last alive at 2024-11-25T08:18:37.103Z
2024-11-28 15:32:38 - __main__ - INFO - Skipping challenge for Prover: IPv4/0x3f2b7121091eef6da1126f1eb73722c646b8a158 from undefined. Last alive at 2024-11-25T12:10:05.799Z
2024-11-28 15:32:38 - __main__ - INFO - Skipping challenge for Prover: IPv4/0x06dc9c305ebb6adf2bf33f63ebd9dc0a4951b54b from undefined. Last alive at 2024-11-25T07:47:48.493Z
2024-11-28 15:32:38 - __main__ - INFO - Skipping challenge for Prover: IPv4/0x2d74eb7be718158df9ef6e0fc4606a44edb8ebdb from undefined. Last alive at 2024-11-26T04:05:34.316Z
2024-11-28 15:32:38 - __main__ - INFO - Skipping challenge for Prover: IPv4/0x8f07189ca79ea6d0a8c05356d244f45e9954c283 from undefined. Last alive at 2024-11-25T13:33:58.270Z
2024-11-28 15:32:38 - __main__ - INFO - Skipping challenge for Prover: IPv4/0x9f12ec486df2dde7dbd298ef6ea54818c563fb28 from null. Last alive at 2024-11-25T07:22:41.053Z
2024-11-28 15:32:38 - __main__ - INFO - Skipping challenge for Prover: IPv4/0xfb7bdeb6b44d36e91f2dda0ebecbc730f4133cfa from undefined. Last alive at 2024-11-25T08:18:46.817Z
2024-11-28 15:32:38 - __main__ - INFO - Skipping challenge for Prover: IPv4/0xe22c6bccba9217047c7cce9740494ce7247fe8f2 from undefined. Last alive at 2024-11-26T04:03:16.871Z
2024-11-28 15:32:38 - __main__ - INFO - Skipping challenge for Prover: IPv4/0xae254ad377d7b66ef7e475bf939cb972b90c311e from undefined. Last alive at 2024-11-25T06:37:01.343Z
2024-11-28 15:32:38 - __main__ - INFO - Skipping challenge for Prover: IPv4/0x448a69beea6994fbff316b49c0e6d91564eb4f81 from my-depin-project-name. Last alive at 2024-10-04T06:54:27.819Z
2024-11-28 15:32:38 - __main__ - INFO - Skipping challenge for Prover: IPv4/0x261cdecd450008670c38ea7119c19e9ee367e4e9 from undefined. Last alive at 2024-11-25T06:44:18.042Z
2024-11-28 15:32:38 - __main__ - INFO - Skipping challenge for Prover: IPv6/0x9d088b5c5bb9d834675ac9187de4b2c7afc90b06 from null. Last alive at 2024-08-27T09:36:14.706Z
2024-11-28 15:32:38 - __main__ - INFO - Skipping challenge for Prover: IPv4/0x5b036cea9eabb292c1a23e585da7596c2689e77b from undefined. Last alive at 2024-11-25T05:51:23.583Z
2024-11-28 15:32:38 - __main__ - INFO - Skipping challenge for Prover: IPv6/0x6d2dd96cbbbdd9d4a104ee59196fe89ad55a5b79 from my-depin-project-name. Last alive at 2024-09-02T07:38:12.215Z
2024-11-28 15:32:38 - __main__ - INFO - Skipping challenge for Prover: IPv4/0x60911a89d3f0dec56eb49211f95261f8794689db from my-depin-project-name. Last alive at 2024-09-25T10:04:36.733Z
2024-11-28 15:32:38 - __main__ - INFO - Skipping challenge for Prover: IPv4/0x728a75a4c18febfd3b2b6f376de4c34bebb275f7 from undefined. Last alive at 2024-11-25T08:09:11.827Z
2024-11-28 15:32:38 - __main__ - INFO - Skipping challenge for Prover: IPv6/0xa087e632460f4f98311a5457474a0fb4e431ed9a from my-depin-project-name. Last alive at 2024-10-04T06:54:17.793Z
2024-11-28 15:32:38 - __main__ - INFO - Skipping challenge for Prover: IPv4/0x1ba49aa8cf94debdff843d2b82eb8340592f3382 from undefined. Last alive at 2024-11-25T06:44:13.635Z
2024-11-28 15:32:38 - __main__ - INFO - Skipping challenge for Prover: IPv4/0x80afb83c7ef95e3a19ddd95c11c985c6c59e5416 from null. Last alive at 2024-11-21T23:48:05.166Z
2024-11-28 15:32:38 - __main__ - INFO - Skipping challenge for Prover: IPv6/0x52374cce1bc1e2cd47c86e64e01bc0fd673c3639 from my-depin-project-name. Last alive at 2024-07-26T08:15:48.662Z
2024-11-28 15:32:38 - __main__ - INFO - Skipping challenge for Prover: IPv4/0x4fb6cbf80d49fa1b83db6e691cb2b69c15ae17f3 from undefined. Last alive at 2024-11-25T07:31:59.277Z
2024-11-28 15:32:38 - __main__ - INFO - Skipping challenge for Prover: IPv4/0xe8f756a490c81be925f34349ad492636e37a808e from undefined. Last alive at 2024-11-26T09:15:17.443Z
2024-11-28 15:32:38 - __main__ - INFO - Skipping challenge for Prover: IPv4/0x7c1a94e8fc55640bde0037212e43ac9a58c4805b from undefined. Last alive at 2024-11-25T14:28:39.750Z
2024-11-28 15:32:38 - __main__ - INFO - Skipping challenge for Prover: IPv4/0xc8b5f991cc7b6a906f9baed4e765e8f9d118af34 from undefined. Last alive at 2024-11-25T12:46:49.240Z
2024-11-28 15:32:38 - __main__ - INFO - Skipping challenge for Prover: IPv4/0xb958cb3d5ea49aa5bf4b17d6236591a0e402978b from undefined. Last alive at 2024-11-26T05:55:34.916Z
2024-11-28 15:32:38 - __main__ - INFO - Skipping challenge for Prover: IPv4/0xb535b4ca599ad3356fac7b511f6c20825f1db92c from undefined. Last alive at 2024-11-24T06:40:34.918Z
2024-11-28 15:32:38 - __main__ - INFO - Skipping challenge for Prover: IPv4/0x3c8b8c650b6e707c09185758630c5f977332562e from null. Last alive at 2024-10-04T09:34:32.798Z
2024-11-28 15:32:38 - __main__ - INFO - Skipping challenge for Prover: IPv4/0x1fb07cfb63cdb7d81819ff988e3e785722c2a980 from null. Last alive at 2024-08-27T08:59:14.128Z
2024-11-28 15:32:38 - __main__ - INFO - Skipping challenge for Prover: IPv4/0x653b93a873f7fa46211ab7aae1290e929debb8f6 from undefined. Last alive at 2024-11-25T12:34:31.870Z
2024-11-28 15:32:38 - __main__ - INFO - Skipping challenge for Prover: IPv4/0xef65325b30588e8d8293080060065135019ed55c from . Last alive at 2024-07-18T06:51:10.610Z
2024-11-28 15:32:38 - __main__ - INFO - Skipping challenge for Prover: IPv4/0x4fcc558c0cd701cb180133745369009b34b867f9 from undefined. Last alive at 2024-11-26T07:47:51.820Z
2024-11-28 15:32:38 - __main__ - INFO - Skipping challenge for Prover: IPv6/0x372fdf4ebdc6a8fefbe04d4f3b9e38dda3a73270 from my-depin-project-name. Last alive at 2024-09-05T10:42:41.193Z
2024-11-28 15:32:38 - __main__ - INFO - Challenging Prover: IPv4/0x527c6999778b8ec67e83ed44062bbfea6f69a74a from witness_chain. Last alive at 2024-11-28T13:32:25.201Z
2024-11-28 15:32:38 - __main__ - INFO - Claims: {'downlink_bandwidth': 10, 'uplink_bandwidth': 10}
2024-11-28 15:32:38 - __main__ - INFO - Challenge info: b'\x00\x00\x00\x00\x00\x00\x00\x00\x00\x00\x00\x00\x91\x01=<\xec\xe0U`=\x8b\x1e\xe7\xdc\xb1\xf6p\xf4\x80\xfe$\x00\x00\x00\x00\x00\x00\x00\x00\x00\x00\x00\x00R|i\x99w\x8b\x8e\xc6~\x83\xedD\x06+\xbf\xeaoi\xa7J\x00\x00\x00\x00\x00\x00\x00\x00\x00\x00\x00\x00\x00\x00\x00\x00\x00\x00\x00\x00\x00\x00\x00\x00\x00\x00\x00\x00\x00\x00\x00\x00\x00\x00\x00\x00\x00\x00\x00\x00\x00\x00\x00\x00\x00\x00\x00\x00\x00\x00\x00\x00\x00\x00\x00\x00\x00\x00\x00\x00\x00\x00\x00\x00\x00\x00\x00\x00\x00\x00\x00\x00\x00\x00\x00\x00\x00\x00\x00\x00\x00\x00\x00\x00\x00\x00\x00\x00\x00\x00\x00\x00\x00\x00\x00\x02\x00\x00\x00\x00\x00\x00\x00\x00\x00\x00\x00\x00\x00\x00\x00\x00\x00\x00\x00\x00\x00\x00\x00\x00\x00\x00\x00\x00\x00\x00\x00\n\x00\x00\x00\x00\x00\x00\x00\x00\x00\x00\x00\x00\x00\x00\x00\x00\x00\x00\x00\x00\x00\x00\x00\x00\x00\x00\x00\x00\x00\x00\x00\n\x00\x00\x00\x00\x00\x00\x00\x00\x00\x00\x00\x00\x00\x00\x00\x00\x00\x00\x00\x00\x00\x00\x00\x00\x00\x00\x00\x00\x00\x00\x00\x01'
2024-11-28 15:32:38 - __main__ - INFO - Challenge info as HEX: 00000000000000000000000091013d3cece055603d8b1ee7dcb1f670f480fe24000000000000000000000000527c6999778b8ec67e83ed44062bbfea6f69a74a000000000000000000000000000000000000000000000000000000000000000000000000000000000000000000000000000000000000000000000000000000000000000000000000000000000000000000000000000000000000000000000002000000000000000000000000000000000000000000000000000000000000000a000000000000000000000000000000000000000000000000000000000000000a0000000000000000000000000000000000000000000000000000000000000001
2024-11-28 15:32:41 - __main__ - INFO - Challenges: []
2024-11-28 15:32:41 - __main__ - INFO - Skipping challenge for Prover: IPv4/0x0cfd8c9b8cb2cb56dbee10d54bb8d7d136763ace from undefined. Last alive at 2024-11-25T14:33:59.792Z
2024-11-28 15:32:41 - __main__ - INFO - Skipping challenge for Prover: IPv4/0xed16d386e4ca1fff3d974663ea572e938902c992 from my-depin-project-name. Last alive at 2024-11-05T10:38:11.936Z
2024-11-28 15:32:41 - __main__ - INFO - Skipping challenge for Prover: IPv4/0x06d07a680a141a61cf4d17c18d4f0c105b15c893 from null. Last alive at 2024-08-27T08:44:33.066Z
2024-11-28 15:32:41 - __main__ - INFO - Skipping challenge for Prover: IPv4/0x2c5b722ecf1b9ccbc5fb1f75b4600e181e122c33 from undefined. Last alive at 2024-11-25T13:50:14.244Z
2024-11-28 15:32:41 - __main__ - INFO - Skipping challenge for Prover: IPv4/0x0ab3de702792acd4c2be348c69d4429ba3810778 from undefined. Last alive at 2024-11-25T14:37:16.355Z
2024-11-28 15:32:41 - __main__ - INFO - Skipping challenge for Prover: IPv4/0x80746e8e08ed01f88df4d0df6687fac450f29a4a from my-depin-project-name. Last alive at 2024-10-10T10:47:29.365Z
2024-11-28 15:32:41 - __main__ - INFO - Skipping challenge for Prover: IPv4/0x0bc40f93dd3193e65024ae9bb4e7fad4578b3dec from witness_chain. Last alive at 2024-11-28T05:53:02.405Z
2024-11-28 15:32:41 - __main__ - INFO - Skipping challenge for Prover: IPv4/0xd1878bd871b39c6b49165ed3cec066da2825004a from undefined. Last alive at 2024-11-25T06:45:05.975Z
2024-11-28 15:32:41 - __main__ - INFO - Skipping challenge for Prover: IPv6/0x60911a89d3f0dec56eb49211f95261f8794689db from my-depin-project-name. Last alive at 2024-09-25T10:04:36.738Z
2024-11-28 15:32:41 - __main__ - INFO - Skipping challenge for Prover: IPv4/0x1176acd9b844f2632c6f600b24798d7d23429b4a from . Last alive at 2024-07-22T07:37:29.906Z
2024-11-28 15:32:41 - __main__ - INFO - Skipping challenge for Prover: IPv4/0x312c5bd2760827139b0820e043bc8f306f97398e from undefined. Last alive at 2024-11-25T09:19:10.058Z
2024-11-28 15:32:41 - __main__ - INFO - Skipping challenge for Prover: IPv4/0xffa16262816e5927b174ca45bbdf88ffdcf4800c from undefined. Last alive at 2024-11-25T12:48:30.941Z
2024-11-28 15:32:41 - __main__ - INFO - Skipping challenge for Prover: IPv4/0xce3372ce3b409a733143269c24aa6cc04da03c14 from undefined. Last alive at 2024-11-25T09:25:37.551Z
2024-11-28 15:32:41 - __main__ - INFO - Skipping challenge for Prover: IPv4/0xe4b087dda8b3be310a200fbf69a2310ebda0ef29 from undefined. Last alive at 2024-11-25T12:57:21.194Z
2024-11-28 15:32:41 - __main__ - INFO - Skipping challenge for Prover: IPv4/0x8bb317a22ea438e536c44b77643038e90ab82c7c from undefined. Last alive at 2024-11-25T14:29:36.087Z
2024-11-28 15:32:41 - __main__ - INFO - Skipping challenge for Prover: IPv4/0xb6c776c9a69fe5502cff601de5c3b036db75f37a from undefined. Last alive at 2024-11-25T13:35:24.853Z
2024-11-28 15:32:41 - __main__ - INFO - Skipping challenge for Prover: IPv4/0x97ec12aac155ec011c11eca1072f4ab9a480076f from null. Last alive at 2024-08-27T09:37:30.693Z
2024-11-28 15:32:41 - __main__ - INFO - Skipping challenge for Prover: IPv4/0x224b1a07ec7e6371fa7a3273bbc04ba5a0fe4812 from undefined. Last alive at 2024-11-25T14:15:09.346Z
2024-11-28 15:32:41 - __main__ - INFO - Skipping challenge for Prover: IPv4/0x33d9e5356bf3cccf7d5ed00f95e2ba15dd5c0fb9 from undefined. Last alive at 2024-11-25T13:03:50.379Z
2024-11-28 15:32:41 - __main__ - INFO - Skipping challenge for Prover: IPv4/0x403172189c3549cb8083d471b657434ffc005740 from undefined. Last alive at 2024-11-26T03:57:43.830Z
2024-11-28 15:32:41 - __main__ - INFO - Skipping challenge for Prover: IPv6/0x3d3f6c0dec2539bef443c2258d8490bd480ae28d from my-depin-project-name. Last alive at 2024-08-12T20:56:35.346Z
2024-11-28 15:32:41 - __main__ - INFO - Skipping challenge for Prover: IPv4/0xa5cf50f6425dac7776c9a4232a997dd8a89af9c5 from undefined. Last alive at 2024-11-25T05:51:50.765Z
2024-11-28 15:32:41 - __main__ - INFO - Skipping challenge for Prover: IPv4/0x303c6eb931c00078f466d7ef356bfaf4d8a0c86d from my-depin-project-name. Last alive at 2024-08-20T07:10:19.249Z
2024-11-28 15:32:41 - __main__ - INFO - Skipping challenge for Prover: IPv4/0x372fdf4ebdc6a8fefbe04d4f3b9e38dda3a73270 from my-depin-project-name. Last alive at 2024-09-05T10:42:41.199Z
2024-11-28 15:32:41 - __main__ - INFO - Skipping challenge for Prover: IPv4/0x8c9464b01784e3055d51436de40972e438a00f17 from undefined. Last alive at 2024-11-27T05:47:20.947Z
2024-11-28 15:32:41 - __main__ - INFO - Skipping challenge for Prover: IPv4/0xf2fbe5a7247aa0eaf68f04fe132b73a07d802e86 from my-depin-project-name. Last alive at 2024-10-16T11:56:22.748Z
2024-11-28 15:32:41 - __main__ - INFO - Skipping challenge for Prover: IPv4/0xbdade7fbe115473347a41dfddc182a75cfe33f7a from undefined. Last alive at 2024-11-24T05:33:41.808Z
2024-11-28 15:32:41 - __main__ - INFO - Skipping challenge for Prover: IPv4/0xd8f8ee62553d3b6c679c0d492616783c4d41a829 from undefined. Last alive at 2024-11-25T12:57:28.984Z
2024-11-28 15:32:41 - __main__ - INFO - Skipping challenge for Prover: IPv4/0xed29deff783b096bd2d123ea482c0706996c7cc3 from undefined. Last alive at 2024-11-25T12:33:25.124Z
2024-11-28 15:32:41 - __main__ - INFO - Skipping challenge for Prover: IPv6/0xf2fbe5a7247aa0eaf68f04fe132b73a07d802e86 from my-depin-project-name. Last alive at 2024-10-16T11:56:22.747Z
2024-11-28 15:32:41 - __main__ - INFO - Skipping challenge for Prover: IPv4/0xbad2ca3b560cf1ab8d6ea0fd733bd902be3c7f1b from . Last alive at 2024-07-22T06:55:25.419Z
2024-11-28 15:32:41 - __main__ - INFO - Skipping challenge for Prover: IPv4/0xc25608e59f5382043ec6d5611f7cebf7d07aade9 from undefined. Last alive at 2024-11-25T09:17:15.478Z
2024-11-28 15:32:41 - __main__ - INFO - Skipping challenge for Prover: IPv4/0x3d3f6c0dec2539bef443c2258d8490bd480ae28d from my-depin-project-name. Last alive at 2024-08-12T21:12:30.678Z
2024-11-28 15:32:41 - __main__ - INFO - Skipping challenge for Prover: IPv4/0x96d83b0022b7b5da3fb68991bdd99d9a42957927 from null. Last alive at 2024-08-27T09:36:55.699Z
2024-11-28 15:32:41 - __main__ - INFO - Skipping challenge for Prover: IPv4/0xc55f7cccfed6a06529643a87b96e8cf3e367344e from my-depin-project-name. Last alive at 2024-08-20T07:16:45.915Z
2024-11-28 15:32:41 - __main__ - INFO - Skipping challenge for Prover: IPv4/0x52374cce1bc1e2cd47c86e64e01bc0fd673c3639 from my-depin-project-name. Last alive at 2024-07-26T08:15:49.048Z
2024-11-28 15:32:41 - __main__ - INFO - Skipping challenge for Prover: IPv4/0x9c398b5320e33898eba9335940db4fd94b04d2b5 from undefined. Last alive at 2024-11-26T07:48:00.989Z
2024-11-28 15:32:41 - __main__ - INFO - Skipping challenge for Prover: IPv4/0xa087e632460f4f98311a5457474a0fb4e431ed9a from my-depin-project-name. Last alive at 2024-10-10T09:00:35.819Z
2024-11-28 15:32:41 - __main__ - INFO - Skipping challenge for Prover: IPv4/0x3f9b7269e7dff4c1c2dd2ec2b0a5369957a98fc1 from undefined. Last alive at 2024-11-24T06:02:45.342Z
2024-11-28 15:32:41 - __main__ - INFO - Skipping challenge for Prover: IPv4/0xdf7e7a2336ad5196236bbd574784373d8f767ad4 from null. Last alive at 2024-08-27T09:30:12.672Z
2024-11-28 15:32:41 - __main__ - INFO - Skipping challenge for Prover: IPv6/0x30d13da580148f34c96fcde5ff383583fcd25cc6 from sen-cdn. Last alive at 2024-08-29T10:55:27.454Z
2024-11-28 15:32:41 - __main__ - INFO - Skipping challenge for Prover: IPv4/0xe9c1c49375317d29d09f66a24fb7ee01106146af from undefined. Last alive at 2024-11-27T05:47:41.365Z
2024-11-28 15:32:41 - __main__ - INFO - Skipping challenge for Prover: IPv4/0x276ea3cc19410171c6c5ae6a944eb30e3f07d2b2 from undefined. Last alive at 2024-11-25T12:44:58.587Z
2024-11-28 15:32:41 - __main__ - INFO - Skipping challenge for Prover: IPv4/0xc46916651f8efe27444dbe0cc3001c6c80992b85 from undefined. Last alive at 2024-11-25T07:28:11.570Z
2024-11-28 15:32:41 - __main__ - INFO - Skipping challenge for Prover: IPv4/0xfca86192e6718a8990259c74400d20cf93f514f9 from undefined. Last alive at 2024-11-24T06:03:16.904Z
2024-11-28 15:32:41 - __main__ - INFO - Skipping challenge for Prover: IPv4/0x6b5e5e96072d853ac8c12a18e96e45dfa0a7a21d from undefined. Last alive at 2024-11-25T08:23:00.519Z
2024-11-28 15:32:41 - __main__ - INFO - Skipping challenge for Prover: IPv4/0x6d2dd96cbbbdd9d4a104ee59196fe89ad55a5b79 from my-depin-project-name. Last alive at 2024-09-02T07:59:35.102Z
2024-11-28 15:32:41 - __main__ - INFO - Skipping challenge for Prover: IPv4/0x9d088b5c5bb9d834675ac9187de4b2c7afc90b06 from null. Last alive at 2024-08-27T09:36:14.453Z
2024-11-28 15:32:41 - __main__ - INFO - Skipping challenge for Prover: IPv4/0x6395671c32fa7e90334b56f1d66f2d6bdd7a516a from my-depin-project-name. Last alive at 2024-10-03T10:31:22.570Z
2024-11-28 15:32:41 - __main__ - INFO - Skipping challenge for Prover: IPv4/0x89d07ac83f1d4b0b5169dbd92c375a2b55ac9e62 from undefined. Last alive at 2024-11-25T08:12:22.389Z
2024-11-28 15:32:41 - __main__ - INFO - Skipping challenge for Prover: IPv4/0x30d13da580148f34c96fcde5ff383583fcd25cc6 from sen-cdn. Last alive at 2024-08-29T10:55:21.642Z
2024-11-28 15:32:41 - __main__ - INFO - Skipping challenge for Prover: IPv6/0x6395671c32fa7e90334b56f1d66f2d6bdd7a516a from my-depin-project-name. Last alive at 2024-09-03T11:08:51.029Z
2024-11-28 15:32:41 - __main__ - INFO - Skipping challenge for Prover: IPv4/0x8fd3e1c3a883d7c3a3a9dfba44c1b12380b1a4ec from undefined. Last alive at 2024-11-25T14:42:34.239Z
2024-11-28 15:32:41 - __main__ - INFO - Skipping challenge for Prover: IPv4/0xcc3da34d9541c25a831be2233f2d0d2cf43326b2 from undefined. Last alive at 2024-11-25T14:29:20.088Z
2024-11-28 15:32:41 - __main__ - INFO - Skipping challenge for Prover: IPv4/0x0e5d433a20d5db0628ae502c96c5cb1170536b3b from undefined. Last alive at 2024-11-22T14:57:20.148Z
2024-11-28 15:32:41 - __main__ - INFO - Skipping challenge for Prover: IPv6/0x1fb07cfb63cdb7d81819ff988e3e785722c2a980 from null. Last alive at 2024-08-27T08:58:45.783Z
2024-11-28 15:32:41 - __main__ - INFO - Skipping challenge for Prover: IPv4/0x37b7334735e24c387f5d3ec38b11df5920c70af4 from undefined. Last alive at 2024-11-26T09:14:28.761Z
2024-11-28 15:32:41 - __main__ - INFO - Skipping challenge for Prover: IPv4/0x2af13411ffa37e1df40d5fe049eb4c5008353d83 from undefined. Last alive at 2024-11-25T06:48:25.338Z
2024-11-28 15:32:41 - __main__ - INFO - Skipping challenge for Prover: IPv4/0x698942b1991f8bc184833f11a74c827e2b0e856b from undefined. Last alive at 2024-11-26T07:47:39.725Z
2024-11-28 15:32:41 - __main__ - INFO - Skipping challenge for Prover: IPv6/0x06d07a680a141a61cf4d17c18d4f0c105b15c893 from null. Last alive at 2024-08-27T08:44:33.112Z
2024-11-28 15:32:41 - __main__ - INFO - Skipping challenge for Prover: IPv4/0xf3a6a7cc74477b0a94f2ada45987d2ffa223f89a from undefined. Last alive at 2024-11-24T04:42:53.873Z
2024-11-28 15:32:41 - __main__ - INFO - Skipping challenge for Prover: IPv4/0x6a40c75e42c9dd73fb509bbae479b82cbef657f3 from undefined. Last alive at 2024-11-24T04:45:53.706Z
2024-11-28 15:32:41 - __main__ - INFO - Skipping challenge for Prover: IPv4/0xb2dc8db3cb94ab2406a3ffd3c96295306b1e347e from my-depin-project-name. Last alive at 2024-08-22T06:21:35.239Z
2024-11-28 15:32:41 - __main__ - INFO - Skipping challenge for Prover: IPv4/0xb2950bd96d7a690d00fc7993e00a20b2b2ccafb5 from undefined. Last alive at 2024-11-25T07:24:18.906Z
2024-11-28 15:32:41 - __main__ - INFO - Skipping challenge for Prover: IPv4/0xc05255865231ea4634116ebbb95fd82413dc81d1 from undefined. Last alive at 2024-11-25T07:31:05.230Z
2024-11-28 15:32:41 - __main__ - INFO - Skipping challenge for Prover: IPv4/0x6fdc1d7428780aa5d0d839f5d95305eae3dc5a01 from undefined. Last alive at 2024-11-25T12:30:23.862Z
2024-11-28 15:32:41 - __main__ - INFO - Skipping challenge for Prover: IPv4/0x7317c2b40bbec50e4026b0072edcd2ed31b050f9 from null. Last alive at 2024-08-27T09:36:28.515Z
2024-11-28 15:32:41 - __main__ - INFO - Skipping challenge for Prover: IPv4/0xf449909fa48523a2aa8a466aae886f8b61d7c3c7 from undefined. Last alive at 2024-11-25T08:38:45.807Z
2024-11-28 15:32:41 - __main__ - INFO - Skipping challenge for Prover: IPv4/0xec6be80443395e05043fd85c1c310fd8c9d4c4ac from undefined. Last alive at 2024-11-25T08:37:35.267Z
2024-12-02 15:27:26 - __main__ - INFO - PROOF CONFIG: {'number_challengers_default': 2, 'challengers_tolerance_default': 0, 'challenge_timeout_secs_minimum_default': 1000000000, 'attribute_ids': ['pob-v1.witnesschain.com'], 'role': 'payer', 'project_name': 'WITNESS_CHAIN', 'alive_check_minutes': 2}
2024-12-02 15:27:26 - __main__ - INFO - Pre-login successful
2024-12-02 15:27:27 - __main__ - INFO - Login successful
2024-12-02 15:27:27 - __main__ - INFO - Got Provers: 152
2024-12-02 15:27:27 - __main__ - INFO - Skipping challenge for Prover: IPv4/0xdf7e7a2336ad5196236bbd574784373d8f767ad4 from null. Last alive at 2024-08-27T09:30:12.672Z
2024-12-02 15:27:27 - __main__ - INFO - Skipping challenge for Prover: IPv4/0x2d74eb7be718158df9ef6e0fc4606a44edb8ebdb from undefined. Last alive at 2024-11-26T04:05:34.316Z
2024-12-02 15:27:27 - __main__ - INFO - Skipping challenge for Prover: IPv4/0xfca86192e6718a8990259c74400d20cf93f514f9 from undefined. Last alive at 2024-11-24T06:03:16.904Z
2024-12-02 15:27:27 - __main__ - INFO - Skipping challenge for Prover: IPv6/0x30d13da580148f34c96fcde5ff383583fcd25cc6 from sen-cdn. Last alive at 2024-08-29T10:55:27.454Z
2024-12-02 15:27:27 - __main__ - INFO - Skipping challenge for Prover: IPv6/0x9d088b5c5bb9d834675ac9187de4b2c7afc90b06 from null. Last alive at 2024-08-27T09:36:14.706Z
2024-12-02 15:27:27 - __main__ - INFO - Skipping challenge for Prover: IPv4/0x7c016ea803c88b4819f58d2d797ff62ccb30daaa from undefined. Last alive at 2024-11-29T07:36:57.283Z
2024-12-02 15:27:27 - __main__ - INFO - Skipping challenge for Prover: IPv4/0x653b93a873f7fa46211ab7aae1290e929debb8f6 from undefined. Last alive at 2024-11-25T12:34:31.870Z
2024-12-02 15:27:27 - __main__ - INFO - Skipping challenge for Prover: IPv4/0x34a6d8d538572284afa10486928cdedc4194516a from undefined. Last alive at 2024-11-24T05:37:54.982Z
2024-12-02 15:27:27 - __main__ - INFO - Skipping challenge for Prover: IPv4/0x54866faf24b72b2941d8d1661c3b400e646ae80b from undefined. Last alive at 2024-11-29T06:28:19.293Z
2024-12-02 15:27:27 - __main__ - INFO - Skipping challenge for Prover: IPv4/0x403172189c3549cb8083d471b657434ffc005740 from undefined. Last alive at 2024-11-26T03:57:43.830Z
2024-12-02 15:27:27 - __main__ - INFO - Skipping challenge for Prover: IPv4/0x448a69beea6994fbff316b49c0e6d91564eb4f81 from my-depin-project-name. Last alive at 2024-10-04T06:54:27.819Z
2024-12-02 15:27:27 - __main__ - INFO - Skipping challenge for Prover: IPv4/0x06d07a680a141a61cf4d17c18d4f0c105b15c893 from null. Last alive at 2024-08-27T08:44:33.066Z
2024-12-02 15:27:27 - __main__ - INFO - Skipping challenge for Prover: IPv4/0x527c6999778b8ec67e83ed44062bbfea6f69a74a from witness_chain. Last alive at 2024-11-28T13:39:56.961Z
2024-12-02 15:27:27 - __main__ - INFO - Skipping challenge for Prover: IPv4/0xe9c1c49375317d29d09f66a24fb7ee01106146af from undefined. Last alive at 2024-11-27T05:47:41.365Z
2024-12-02 15:27:27 - __main__ - INFO - Skipping challenge for Prover: IPv6/0x6395671c32fa7e90334b56f1d66f2d6bdd7a516a from my-depin-project-name. Last alive at 2024-09-03T11:08:51.029Z
2024-12-02 15:27:27 - __main__ - INFO - Skipping challenge for Prover: IPv4/0xdfc317353a1289597c738f3e28607e9889e21978 from undefined. Last alive at 2024-11-29T16:25:49.271Z
2024-12-02 15:27:27 - __main__ - INFO - Skipping challenge for Prover: IPv4/0x728a75a4c18febfd3b2b6f376de4c34bebb275f7 from undefined. Last alive at 2024-11-25T08:09:11.827Z
2024-12-02 15:27:27 - __main__ - INFO - Skipping challenge for Prover: IPv4/0xf3a6a7cc74477b0a94f2ada45987d2ffa223f89a from undefined. Last alive at 2024-11-24T04:42:53.873Z
2024-12-02 15:27:27 - __main__ - INFO - Skipping challenge for Prover: IPv4/0x6ab275b60fe56130cf5d5aceae9063df3e019e69 from null. Last alive at 2024-08-27T10:17:05.745Z
2024-12-02 15:27:27 - __main__ - INFO - Skipping challenge for Prover: IPv4/0x80746e8e08ed01f88df4d0df6687fac450f29a4a from my-depin-project-name. Last alive at 2024-10-10T10:47:29.365Z
2024-12-02 15:27:27 - __main__ - INFO - Skipping challenge for Prover: IPv4/0x7c1a94e8fc55640bde0037212e43ac9a58c4805b from undefined. Last alive at 2024-11-25T14:28:39.750Z
2024-12-02 15:27:27 - __main__ - INFO - Skipping challenge for Prover: IPv4/0xf6f7f9bbc46e401cab88c78e73ff781ce179a8b4 from undefined. Last alive at 2024-11-29T13:54:25.445Z
2024-12-02 15:27:27 - __main__ - INFO - Skipping challenge for Prover: IPv4/0xb2950bd96d7a690d00fc7993e00a20b2b2ccafb5 from undefined. Last alive at 2024-11-25T07:24:18.906Z
2024-12-02 15:27:27 - __main__ - INFO - Skipping challenge for Prover: IPv4/0x8f4f8388a26ae6b81e5ff0fde90e21f4c6f04953 from undefined. Last alive at 2024-11-25T08:46:14.012Z
2024-12-02 15:27:27 - __main__ - INFO - Skipping challenge for Prover: IPv4/0x4a27743c8df8658287a62d812d72431c0281f254 from undefined. Last alive at 2024-12-01T06:26:36.396Z
2024-12-02 15:27:27 - __main__ - INFO - Skipping challenge for Prover: IPv4/0xbad2ca3b560cf1ab8d6ea0fd733bd902be3c7f1b from . Last alive at 2024-07-22T06:55:25.419Z
2024-12-02 15:27:27 - __main__ - INFO - Skipping challenge for Prover: IPv4/0xb958cb3d5ea49aa5bf4b17d6236591a0e402978b from undefined. Last alive at 2024-11-26T05:55:34.916Z
2024-12-02 15:27:27 - __main__ - INFO - Skipping challenge for Prover: IPv4/0xe8f756a490c81be925f34349ad492636e37a808e from undefined. Last alive at 2024-11-26T09:15:17.443Z
2024-12-02 15:27:27 - __main__ - INFO - Skipping challenge for Prover: IPv4/0x6395671c32fa7e90334b56f1d66f2d6bdd7a516a from my-depin-project-name. Last alive at 2024-10-03T10:31:22.570Z
2024-12-02 15:27:27 - __main__ - INFO - Skipping challenge for Prover: IPv4/0xae45a03d62ccac470e4b8ffd6103c994e794f140 from undefined. Last alive at 2024-11-29T06:27:18.964Z
2024-12-02 15:27:27 - __main__ - INFO - Skipping challenge for Prover: IPv6/0xf2fbe5a7247aa0eaf68f04fe132b73a07d802e86 from my-depin-project-name. Last alive at 2024-10-16T11:56:22.747Z
2024-12-02 15:27:27 - __main__ - INFO - Skipping challenge for Prover: IPv4/0x47558304af13c8f23f2a9d3296144c51c98e25d4 from undefined. Last alive at 2024-11-29T06:59:59.975Z
2024-12-02 15:27:27 - __main__ - INFO - Skipping challenge for Prover: IPv4/0x60911a89d3f0dec56eb49211f95261f8794689db from my-depin-project-name. Last alive at 2024-09-25T10:04:36.733Z
2024-12-02 15:27:27 - __main__ - INFO - Skipping challenge for Prover: IPv4/0xc8b5f991cc7b6a906f9baed4e765e8f9d118af34 from undefined. Last alive at 2024-11-25T12:46:49.240Z
2024-12-02 15:27:27 - __main__ - INFO - Skipping challenge for Prover: IPv4/0xbdade7fbe115473347a41dfddc182a75cfe33f7a from undefined. Last alive at 2024-11-24T05:33:41.808Z
2024-12-02 15:27:27 - __main__ - INFO - Skipping challenge for Prover: IPv6/0xc19aebd6be6ffbed9643cc73678281babade98eb from null. Last alive at 2024-12-02T04:23:50.368Z
2024-12-02 15:27:27 - __main__ - INFO - Skipping challenge for Prover: IPv4/0x1d30f919cd2178d1a5f19ade838096a1229109e4 from undefined. Last alive at 2024-12-01T06:21:36.921Z
2024-12-02 15:27:27 - __main__ - INFO - Skipping challenge for Prover: IPv4/0xa5cf50f6425dac7776c9a4232a997dd8a89af9c5 from undefined. Last alive at 2024-11-25T05:51:50.765Z
2024-12-02 15:27:27 - __main__ - INFO - Skipping challenge for Prover: IPv4/0xe876e2a98b2fe31f3c5a83af2cb849dd573d2b74 from my-depin-project-name. Last alive at 2024-08-22T22:43:30.467Z
2024-12-02 15:27:27 - __main__ - INFO - Skipping challenge for Prover: IPv4/0xea16cc041fb01304146747d96b8bf6c4d6a5b12b from undefined. Last alive at 2024-11-25T12:31:28.852Z
2024-12-02 15:27:27 - __main__ - INFO - Skipping challenge for Prover: IPv4/0x8dca090c2221b9c8688425c3d5e0c76d11c2507d from . Last alive at 2024-10-04T07:57:26.566Z
2024-12-02 15:27:27 - __main__ - INFO - Skipping challenge for Prover: IPv4/0x9c7c4a683bded0f37eda77b9d313c2ed10dcfbbd from undefined. Last alive at 2024-11-29T13:58:09.757Z
2024-12-02 15:27:27 - __main__ - INFO - Skipping challenge for Prover: IPv4/0x30d13da580148f34c96fcde5ff383583fcd25cc6 from sen-cdn. Last alive at 2024-08-29T10:55:21.642Z
2024-12-02 15:27:27 - __main__ - INFO - Skipping challenge for Prover: IPv4/0x6d2dd96cbbbdd9d4a104ee59196fe89ad55a5b79 from my-depin-project-name. Last alive at 2024-09-02T07:59:35.102Z
2024-12-02 15:27:27 - __main__ - INFO - Skipping challenge for Prover: IPv4/0xc19aebd6be6ffbed9643cc73678281babade98eb from null. Last alive at 2024-12-02T04:23:50.363Z
2024-12-02 15:27:27 - __main__ - INFO - Skipping challenge for Prover: IPv4/0xed16d386e4ca1fff3d974663ea572e938902c992 from my-depin-project-name. Last alive at 2024-11-05T10:38:11.936Z
2024-12-02 15:27:27 - __main__ - INFO - Skipping challenge for Prover: IPv4/0xffa16262816e5927b174ca45bbdf88ffdcf4800c from undefined. Last alive at 2024-11-25T12:48:30.941Z
2024-12-02 15:27:27 - __main__ - INFO - Skipping challenge for Prover: IPv4/0x609f159d91297562d9e8c90fe06797ce8b500ac0 from undefined. Last alive at 2024-11-25T04:53:43.173Z
2024-12-02 15:27:27 - __main__ - INFO - Skipping challenge for Prover: IPv4/0xb330b58b94962b0685466597bcdea54c1b52af71 from undefined. Last alive at 2024-12-01T09:13:25.196Z
2024-12-02 15:27:27 - __main__ - INFO - Skipping challenge for Prover: IPv4/0xe474a7d1a91f2714c0f8722f3f269a16869d1145 from undefined. Last alive at 2024-12-01T06:00:07.549Z
2024-12-02 15:27:27 - __main__ - INFO - Skipping challenge for Prover: IPv4/0x00b4551125deee063b80b2c525898ae3bb02941f from undefined. Last alive at 2024-12-01T06:36:32.310Z
2024-12-02 15:27:27 - __main__ - INFO - Skipping challenge for Prover: IPv4/0x1ba49aa8cf94debdff843d2b82eb8340592f3382 from undefined. Last alive at 2024-11-25T06:44:13.635Z
2024-12-02 15:27:27 - __main__ - INFO - Skipping challenge for Prover: IPv4/0x372fdf4ebdc6a8fefbe04d4f3b9e38dda3a73270 from my-depin-project-name. Last alive at 2024-09-05T10:42:41.199Z
2024-12-02 15:27:27 - __main__ - INFO - Skipping challenge for Prover: IPv4/0x8c9464b01784e3055d51436de40972e438a00f17 from undefined. Last alive at 2024-11-27T05:47:20.947Z
2024-12-02 15:27:27 - __main__ - INFO - Skipping challenge for Prover: IPv4/0xb93f0a7332e212464fbcbef0057c94674f5b1e99 from undefined. Last alive at 2024-11-29T07:02:58.044Z
2024-12-02 15:27:27 - __main__ - INFO - Skipping challenge for Prover: IPv4/0xef65325b30588e8d8293080060065135019ed55c from . Last alive at 2024-07-18T06:51:10.610Z
2024-12-02 15:27:27 - __main__ - INFO - Skipping challenge for Prover: IPv4/0x1176acd9b844f2632c6f600b24798d7d23429b4a from . Last alive at 2024-07-22T07:37:29.906Z
2024-12-02 15:27:27 - __main__ - INFO - Skipping challenge for Prover: IPv4/0x1fbaa5ccf3dd67f2e105f17b425a80d3baa1e622 from undefined. Last alive at 2024-11-29T06:14:15.880Z
2024-12-02 15:27:27 - __main__ - INFO - Skipping challenge for Prover: IPv4/0xb2dc8db3cb94ab2406a3ffd3c96295306b1e347e from my-depin-project-name. Last alive at 2024-08-22T06:21:35.239Z
2024-12-02 15:27:27 - __main__ - INFO - Skipping challenge for Prover: IPv4/0x261cdecd450008670c38ea7119c19e9ee367e4e9 from undefined. Last alive at 2024-11-25T06:44:18.042Z
2024-12-02 15:27:27 - __main__ - INFO - Skipping challenge for Prover: IPv4/0xf449909fa48523a2aa8a466aae886f8b61d7c3c7 from undefined. Last alive at 2024-11-25T08:38:45.807Z
2024-12-02 15:27:27 - __main__ - INFO - Skipping challenge for Prover: IPv4/0x89d07ac83f1d4b0b5169dbd92c375a2b55ac9e62 from undefined. Last alive at 2024-11-25T08:12:22.389Z
2024-12-02 15:27:27 - __main__ - INFO - Skipping challenge for Prover: IPv4/0x9f94e21a8aca01c73f55bfedba4e0d77df8be540 from undefined. Last alive at 2024-12-01T07:57:07.483Z
2024-12-02 15:27:27 - __main__ - INFO - Skipping challenge for Prover: IPv6/0xa087e632460f4f98311a5457474a0fb4e431ed9a from my-depin-project-name. Last alive at 2024-10-04T06:54:17.793Z
2024-12-02 15:27:27 - __main__ - INFO - Skipping challenge for Prover: IPv4/0x6b5e5e96072d853ac8c12a18e96e45dfa0a7a21d from undefined. Last alive at 2024-11-25T08:23:00.519Z
2024-12-02 15:27:27 - __main__ - INFO - Skipping challenge for Prover: IPv4/0x8fd3e1c3a883d7c3a3a9dfba44c1b12380b1a4ec from undefined. Last alive at 2024-11-25T14:42:34.239Z
2024-12-02 15:27:27 - __main__ - INFO - Skipping challenge for Prover: IPv6/0x06d07a680a141a61cf4d17c18d4f0c105b15c893 from null. Last alive at 2024-08-27T08:44:33.112Z
2024-12-02 15:27:27 - __main__ - INFO - Skipping challenge for Prover: IPv4/0x9fcacb36703ffcc2d5829c690a2c7cbb6d35e304 from undefined. Last alive at 2024-12-01T09:15:31.145Z
2024-12-02 15:27:27 - __main__ - INFO - Skipping challenge for Prover: IPv4/0xf701fcc7898f62af5d4c39edde4f79a37816fdaa from undefined. Last alive at 2024-12-01T06:51:55.019Z
2024-12-02 15:27:27 - __main__ - INFO - Skipping challenge for Prover: IPv4/0x7ddf81004a8d69fc6f5cbe3544e954b3abbe6b01 from undefined. Last alive at 2024-11-29T06:19:18.521Z
2024-12-02 15:27:27 - __main__ - INFO - Skipping challenge for Prover: IPv4/0x3f9b7269e7dff4c1c2dd2ec2b0a5369957a98fc1 from undefined. Last alive at 2024-11-24T06:02:45.342Z
2024-12-02 15:27:27 - __main__ - INFO - Skipping challenge for Prover: IPv4/0x0ab3de702792acd4c2be348c69d4429ba3810778 from undefined. Last alive at 2024-11-25T14:37:16.355Z
2024-12-02 15:27:27 - __main__ - INFO - Skipping challenge for Prover: IPv4/0x33d9e5356bf3cccf7d5ed00f95e2ba15dd5c0fb9 from undefined. Last alive at 2024-11-25T13:03:50.379Z
2024-12-02 15:27:27 - __main__ - INFO - Skipping challenge for Prover: IPv4/0x698942b1991f8bc184833f11a74c827e2b0e856b from undefined. Last alive at 2024-11-26T07:47:39.725Z
2024-12-02 15:27:27 - __main__ - INFO - Skipping challenge for Prover: IPv6/0x52374cce1bc1e2cd47c86e64e01bc0fd673c3639 from my-depin-project-name. Last alive at 2024-07-26T08:15:48.662Z
2024-12-02 15:27:27 - __main__ - INFO - Skipping challenge for Prover: IPv4/0x9d55c464df339af51aa6da0688bf9b3fed8636fa from undefined. Last alive at 2024-11-25T12:58:02.541Z
2024-12-02 15:27:27 - __main__ - INFO - Skipping challenge for Prover: IPv4/0xfc1a96967715f11eae4b1a4e6b4c080e976dcbfd from undefined. Last alive at 2024-12-01T09:01:19.364Z
2024-12-02 15:27:27 - __main__ - INFO - Skipping challenge for Prover: IPv4/0xae254ad377d7b66ef7e475bf939cb972b90c311e from undefined. Last alive at 2024-11-25T06:37:01.343Z
2024-12-02 15:27:27 - __main__ - INFO - Skipping challenge for Prover: IPv4/0xa3cec5898aa87f6c7947552b847dd075f2fbfbfb from undefined. Last alive at 2024-12-01T06:43:12.012Z
2024-12-02 15:27:27 - __main__ - INFO - Skipping challenge for Prover: IPv4/0x06dc9c305ebb6adf2bf33f63ebd9dc0a4951b54b from undefined. Last alive at 2024-11-25T07:47:48.493Z
2024-12-02 15:27:27 - __main__ - INFO - Skipping challenge for Prover: IPv4/0x1fb07cfb63cdb7d81819ff988e3e785722c2a980 from null. Last alive at 2024-08-27T08:59:14.128Z
2024-12-02 15:27:27 - __main__ - INFO - Skipping challenge for Prover: IPv4/0x9f12ec486df2dde7dbd298ef6ea54818c563fb28 from null. Last alive at 2024-11-25T07:22:41.053Z
2024-12-02 15:27:27 - __main__ - INFO - Skipping challenge for Prover: IPv4/0x7d401da6a257f66ac0836e4e8ecda5391c53ee6c from undefined. Last alive at 2024-11-29T06:17:06.865Z
2024-12-02 15:27:27 - __main__ - INFO - Skipping challenge for Prover: IPv4/0xc964116719e1c5c7adf82ef2521cbd2552b42d74 from undefined. Last alive at 2024-12-01T09:04:34.389Z
2024-12-02 15:27:27 - __main__ - INFO - Skipping challenge for Prover: IPv4/0x2c5b722ecf1b9ccbc5fb1f75b4600e181e122c33 from undefined. Last alive at 2024-11-25T13:50:14.244Z
2024-12-02 15:27:27 - __main__ - INFO - Skipping challenge for Prover: IPv4/0xc25608e59f5382043ec6d5611f7cebf7d07aade9 from undefined. Last alive at 2024-11-25T09:17:15.478Z
2024-12-02 15:27:27 - __main__ - INFO - Skipping challenge for Prover: IPv4/0x97ec12aac155ec011c11eca1072f4ab9a480076f from null. Last alive at 2024-08-27T09:37:30.693Z
2024-12-02 15:27:27 - __main__ - INFO - Skipping challenge for Prover: IPv4/0x37b7334735e24c387f5d3ec38b11df5920c70af4 from undefined. Last alive at 2024-11-26T09:14:28.761Z
2024-12-02 15:27:27 - __main__ - INFO - Skipping challenge for Prover: IPv4/0x303c6eb931c00078f466d7ef356bfaf4d8a0c86d from my-depin-project-name. Last alive at 2024-08-20T07:10:19.249Z
2024-12-02 15:27:27 - __main__ - INFO - Skipping challenge for Prover: IPv4/0xba999b73995d22d167cf367a746a8aae7750e246 from witness_chain. Last alive at 2024-11-29T17:56:01.211Z
2024-12-02 15:27:27 - __main__ - INFO - Skipping challenge for Prover: IPv6/0x3d3f6c0dec2539bef443c2258d8490bd480ae28d from my-depin-project-name. Last alive at 2024-08-12T20:56:35.346Z
2024-12-02 15:27:27 - __main__ - INFO - Skipping challenge for Prover: IPv6/0x6d2dd96cbbbdd9d4a104ee59196fe89ad55a5b79 from my-depin-project-name. Last alive at 2024-09-02T07:38:12.215Z
2024-12-02 15:27:27 - __main__ - INFO - Skipping challenge for Prover: IPv4/0xd631a30045e1e224947534a629ab891706387015 from null. Last alive at 2024-11-25T10:02:11.051Z
2024-12-02 15:27:27 - __main__ - INFO - Skipping challenge for Prover: IPv4/0x80afb83c7ef95e3a19ddd95c11c985c6c59e5416 from null. Last alive at 2024-11-21T23:48:05.166Z
2024-12-02 15:27:27 - __main__ - INFO - Skipping challenge for Prover: IPv4/0xce3372ce3b409a733143269c24aa6cc04da03c14 from undefined. Last alive at 2024-11-25T09:25:37.551Z
2024-12-02 15:27:27 - __main__ - INFO - Skipping challenge for Prover: IPv6/0x60911a89d3f0dec56eb49211f95261f8794689db from my-depin-project-name. Last alive at 2024-09-25T10:04:36.738Z
2024-12-02 15:27:27 - __main__ - INFO - Skipping challenge for Prover: IPv4/0x58b051552cbff642fde97b77b65982c0a7dea185 from --exit_after_successful_challenge. Last alive at 2024-10-04T07:47:42.186Z
2024-12-02 15:27:27 - __main__ - INFO - Skipping challenge for Prover: IPv4/0xb6c776c9a69fe5502cff601de5c3b036db75f37a from undefined. Last alive at 2024-11-25T13:35:24.853Z
2024-12-02 15:27:27 - __main__ - INFO - Skipping challenge for Prover: IPv4/0x0e5d433a20d5db0628ae502c96c5cb1170536b3b from undefined. Last alive at 2024-11-22T14:57:20.148Z
2024-12-02 15:27:27 - __main__ - INFO - Skipping challenge for Prover: IPv4/0xcbeac0dcdf798fcf2026a1e1e55c29039d899d22 from undefined. Last alive at 2024-12-01T09:06:07.117Z
2024-12-02 15:27:27 - __main__ - INFO - Skipping challenge for Prover: IPv4/0x6a40c75e42c9dd73fb509bbae479b82cbef657f3 from undefined. Last alive at 2024-11-24T04:45:53.706Z
2024-12-02 15:27:27 - __main__ - INFO - Skipping challenge for Prover: IPv4/0x8f07189ca79ea6d0a8c05356d244f45e9954c283 from undefined. Last alive at 2024-11-25T13:33:58.270Z
2024-12-02 15:27:27 - __main__ - INFO - Skipping challenge for Prover: IPv4/0xf17125f0963babe77f50b84b8ec825e54dddb1a7 from undefined. Last alive at 2024-12-01T09:03:02.048Z
2024-12-02 15:27:27 - __main__ - INFO - Skipping challenge for Prover: IPv4/0x5b036cea9eabb292c1a23e585da7596c2689e77b from undefined. Last alive at 2024-11-25T05:51:23.583Z
2024-12-02 15:27:27 - __main__ - INFO - Skipping challenge for Prover: IPv4/0x9c398b5320e33898eba9335940db4fd94b04d2b5 from undefined. Last alive at 2024-11-26T07:48:00.989Z
2024-12-02 15:27:27 - __main__ - INFO - Skipping challenge for Prover: IPv4/0x8fc98d7b390ab06dd6486a0d708f5fb8b7ac3780 from undefined. Last alive at 2024-12-01T08:08:03.025Z
2024-12-02 15:27:27 - __main__ - INFO - Skipping challenge for Prover: IPv4/0xc05255865231ea4634116ebbb95fd82413dc81d1 from undefined. Last alive at 2024-11-25T07:31:05.230Z
2024-12-02 15:27:27 - __main__ - INFO - Skipping challenge for Prover: IPv4/0xa087e632460f4f98311a5457474a0fb4e431ed9a from my-depin-project-name. Last alive at 2024-10-10T09:00:35.819Z
2024-12-02 15:27:27 - __main__ - INFO - Skipping challenge for Prover: IPv4/0x9d088b5c5bb9d834675ac9187de4b2c7afc90b06 from null. Last alive at 2024-08-27T09:36:14.453Z
2024-12-02 15:27:27 - __main__ - INFO - Skipping challenge for Prover: IPv4/0x52374cce1bc1e2cd47c86e64e01bc0fd673c3639 from my-depin-project-name. Last alive at 2024-07-26T08:15:49.048Z
2024-12-02 15:27:27 - __main__ - INFO - Skipping challenge for Prover: IPv4/0x0cfd8c9b8cb2cb56dbee10d54bb8d7d136763ace from undefined. Last alive at 2024-11-25T14:33:59.792Z
2024-12-02 15:27:27 - __main__ - INFO - Skipping challenge for Prover: IPv4/0xd1878bd871b39c6b49165ed3cec066da2825004a from undefined. Last alive at 2024-11-25T06:45:05.975Z
2024-12-02 15:27:27 - __main__ - INFO - Skipping challenge for Prover: IPv4/0x57b1f808b922537da4a6ec7b799c4e93d0ea7fe0 from undefined. Last alive at 2024-11-26T07:48:53.183Z
2024-12-02 15:27:27 - __main__ - INFO - Skipping challenge for Prover: IPv4/0x653353f441c32467470bf2e45cf6671c7d2e7bfb from undefined. Last alive at 2024-11-29T13:59:27.463Z
2024-12-02 15:27:27 - __main__ - INFO - Skipping challenge for Prover: IPv4/0xcc3da34d9541c25a831be2233f2d0d2cf43326b2 from undefined. Last alive at 2024-11-25T14:29:20.088Z
2024-12-02 15:27:27 - __main__ - INFO - Skipping challenge for Prover: IPv4/0x3f2b7121091eef6da1126f1eb73722c646b8a158 from undefined. Last alive at 2024-11-25T12:10:05.799Z
2024-12-02 15:27:27 - __main__ - INFO - Skipping challenge for Prover: IPv4/0x3c8b8c650b6e707c09185758630c5f977332562e from null. Last alive at 2024-10-04T09:34:32.798Z
2024-12-02 15:27:27 - __main__ - INFO - Skipping challenge for Prover: IPv6/0x372fdf4ebdc6a8fefbe04d4f3b9e38dda3a73270 from my-depin-project-name. Last alive at 2024-09-05T10:42:41.193Z
2024-12-02 15:27:27 - __main__ - INFO - Skipping challenge for Prover: IPv4/0x7830895fd7b62fe6ffbdd548cf5f8a845ba6314e from undefined. Last alive at 2024-12-01T06:50:03.179Z
2024-12-02 15:27:27 - __main__ - INFO - Skipping challenge for Prover: IPv4/0x8bb317a22ea438e536c44b77643038e90ab82c7c from undefined. Last alive at 2024-11-25T14:29:36.087Z
2024-12-02 15:27:27 - __main__ - INFO - Skipping challenge for Prover: IPv4/0xb535b4ca599ad3356fac7b511f6c20825f1db92c from undefined. Last alive at 2024-11-24T06:40:34.918Z
2024-12-02 15:27:27 - __main__ - INFO - Skipping challenge for Prover: IPv4/0xc55f7cccfed6a06529643a87b96e8cf3e367344e from my-depin-project-name. Last alive at 2024-08-20T07:16:45.915Z
2024-12-02 15:27:27 - __main__ - INFO - Skipping challenge for Prover: IPv4/0xc46916651f8efe27444dbe0cc3001c6c80992b85 from undefined. Last alive at 2024-11-25T07:28:11.570Z
2024-12-02 15:27:27 - __main__ - INFO - Skipping challenge for Prover: IPv4/0x312c5bd2760827139b0820e043bc8f306f97398e from undefined. Last alive at 2024-11-25T09:19:10.058Z
2024-12-02 15:27:27 - __main__ - INFO - Skipping challenge for Prover: IPv4/0xec6be80443395e05043fd85c1c310fd8c9d4c4ac from undefined. Last alive at 2024-11-25T08:37:35.267Z
2024-12-02 15:27:27 - __main__ - INFO - Skipping challenge for Prover: IPv4/0xf2fbe5a7247aa0eaf68f04fe132b73a07d802e86 from my-depin-project-name. Last alive at 2024-10-16T11:56:22.748Z
2024-12-02 15:27:27 - __main__ - INFO - Skipping challenge for Prover: IPv4/0x3d3f6c0dec2539bef443c2258d8490bd480ae28d from my-depin-project-name. Last alive at 2024-08-12T21:12:30.678Z
2024-12-02 15:27:27 - __main__ - INFO - Skipping challenge for Prover: IPv6/0x1fb07cfb63cdb7d81819ff988e3e785722c2a980 from null. Last alive at 2024-08-27T08:58:45.783Z
2024-12-02 15:27:27 - __main__ - INFO - Skipping challenge for Prover: IPv4/0xe22c6bccba9217047c7cce9740494ce7247fe8f2 from undefined. Last alive at 2024-11-26T04:03:16.871Z
2024-12-02 15:27:27 - __main__ - INFO - Skipping challenge for Prover: IPv6/0xdf7e7a2336ad5196236bbd574784373d8f767ad4 from null. Last alive at 2024-08-27T09:30:12.962Z
2024-12-02 15:27:27 - __main__ - INFO - Skipping challenge for Prover: IPv4/0x4fcc558c0cd701cb180133745369009b34b867f9 from undefined. Last alive at 2024-11-26T07:47:51.820Z
2024-12-02 15:27:27 - __main__ - INFO - Challenging Prover: IPv4/0x0bc40f93dd3193e65024ae9bb4e7fad4578b3dec from witness_chain. Last alive at 2024-12-02T13:27:10.190Z
2024-12-02 15:27:27 - __main__ - INFO - Claims: {'downlink_bandwidth': 10, 'uplink_bandwidth': 10}
2024-12-02 15:27:27 - __main__ - INFO - Challenge info: b'\x00\x00\x00\x00\x00\x00\x00\x00\x00\x00\x00\x00\x91\x01=<\xec\xe0U`=\x8b\x1e\xe7\xdc\xb1\xf6p\xf4\x80\xfe$\x00\x00\x00\x00\x00\x00\x00\x00\x00\x00\x00\x00\x0b\xc4\x0f\x93\xdd1\x93\xe6P$\xae\x9b\xb4\xe7\xfa\xd4W\x8b=\xec\x00\x00\x00\x00\x00\x00\x00\x00\x00\x00\x00\x00\x00\x00\x00\x00\x00\x00\x00\x00\x00\x00\x00\x00\x00\x00\x00\x00\x00\x00\x00\x00\x00\x00\x00\x00\x00\x00\x00\x00\x00\x00\x00\x00\x00\x00\x00\x00\x00\x00\x00\x00\x00\x00\x00\x00\x00\x00\x00\x00\x00\x00\x00\x00\x00\x00\x00\x00\x00\x00\x00\x00\x00\x00\x00\x00\x00\x00\x00\x00\x00\x00\x00\x00\x00\x00\x00\x00\x00\x00\x00\x00\x00\x00\x00\x02\x00\x00\x00\x00\x00\x00\x00\x00\x00\x00\x00\x00\x00\x00\x00\x00\x00\x00\x00\x00\x00\x00\x00\x00\x00\x00\x00\x00\x00\x00\x00\n\x00\x00\x00\x00\x00\x00\x00\x00\x00\x00\x00\x00\x00\x00\x00\x00\x00\x00\x00\x00\x00\x00\x00\x00\x00\x00\x00\x00\x00\x00\x00\n\x00\x00\x00\x00\x00\x00\x00\x00\x00\x00\x00\x00\x00\x00\x00\x00\x00\x00\x00\x00\x00\x00\x00\x00\x00\x00\x00\x00\x00\x00\x00\x01'
2024-12-02 15:27:27 - __main__ - INFO - Challenge info as HEX: 00000000000000000000000091013d3cece055603d8b1ee7dcb1f670f480fe240000000000000000000000000bc40f93dd3193e65024ae9bb4e7fad4578b3dec000000000000000000000000000000000000000000000000000000000000000000000000000000000000000000000000000000000000000000000000000000000000000000000000000000000000000000000000000000000000000000000002000000000000000000000000000000000000000000000000000000000000000a000000000000000000000000000000000000000000000000000000000000000a0000000000000000000000000000000000000000000000000000000000000001
2024-12-02 15:27:29 - __main__ - INFO - Challenges: [437]
2024-12-02 15:27:29 - __main__ - INFO - Triggering challenge for Prover: IPv4/0x0bc40f93dd3193e65024ae9bb4e7fad4578b3dec last alive at 2024-12-02T13:27:10.190Z with challenge_id: 437 and on-chain Request ID: 63745
2024-12-02 15:27:29 - api - ERROR - Status of challenge trigger for challenge_id: 437 - {"error":{"message":"'challenge_type' is invalid"}}

2024-12-02 15:27:29 - __main__ - INFO - Skipping challenge for Prover: IPv4/0x673624d742dc4cfa86a3a9191c31632e5c55d4aa from undefined. Last alive at 2024-12-01T09:03:56.999Z
2024-12-02 15:27:29 - __main__ - INFO - Skipping challenge for Prover: IPv4/0xe4b087dda8b3be310a200fbf69a2310ebda0ef29 from undefined. Last alive at 2024-11-25T12:57:21.194Z
2024-12-02 15:27:29 - __main__ - INFO - Skipping challenge for Prover: IPv4/0x2af13411ffa37e1df40d5fe049eb4c5008353d83 from undefined. Last alive at 2024-11-25T06:48:25.338Z
2024-12-02 15:27:29 - __main__ - INFO - Skipping challenge for Prover: IPv4/0xa3a65081bf3ba42438a2328834022228eecd869a from undefined. Last alive at 2024-11-25T08:18:37.103Z
2024-12-02 15:27:29 - __main__ - INFO - Skipping challenge for Prover: IPv4/0xfb7bdeb6b44d36e91f2dda0ebecbc730f4133cfa from undefined. Last alive at 2024-11-25T08:18:46.817Z
2024-12-02 15:27:29 - __main__ - INFO - Skipping challenge for Prover: IPv4/0xd8f8ee62553d3b6c679c0d492616783c4d41a829 from undefined. Last alive at 2024-11-25T12:57:28.984Z
2024-12-02 15:27:29 - __main__ - INFO - Skipping challenge for Prover: IPv4/0x7317c2b40bbec50e4026b0072edcd2ed31b050f9 from null. Last alive at 2024-08-27T09:36:28.515Z
2024-12-02 15:27:29 - __main__ - INFO - Skipping challenge for Prover: IPv4/0x96d83b0022b7b5da3fb68991bdd99d9a42957927 from null. Last alive at 2024-08-27T09:36:55.699Z
2024-12-02 15:27:29 - __main__ - INFO - Skipping challenge for Prover: IPv4/0x224b1a07ec7e6371fa7a3273bbc04ba5a0fe4812 from undefined. Last alive at 2024-11-25T14:15:09.346Z
2024-12-02 15:27:29 - __main__ - INFO - Skipping challenge for Prover: IPv4/0x276ea3cc19410171c6c5ae6a944eb30e3f07d2b2 from undefined. Last alive at 2024-11-25T12:44:58.587Z
2024-12-02 15:27:29 - __main__ - INFO - Skipping challenge for Prover: IPv4/0x8d1de598fde70e7fa9ae74665ee76ebc75697cba from undefined. Last alive at 2024-12-01T06:54:06.799Z
2024-12-02 15:27:29 - __main__ - INFO - Skipping challenge for Prover: IPv4/0x18188f2b265ac7666a2220503a8cc9443af24898 from undefined. Last alive at 2024-11-29T13:41:11.548Z
2024-12-02 15:27:29 - __main__ - INFO - Skipping challenge for Prover: IPv4/0x470298714f5b82d2b645c25c23ea6161da8f1246 from null. Last alive at 2024-11-25T11:08:21.536Z
2024-12-02 15:27:29 - __main__ - INFO - Skipping challenge for Prover: IPv4/0x4fb6cbf80d49fa1b83db6e691cb2b69c15ae17f3 from undefined. Last alive at 2024-11-25T07:31:59.277Z
2024-12-02 15:27:29 - __main__ - INFO - Skipping challenge for Prover: IPv4/0x9db49e0978d8b5101af69f4d4367688c9c34bd7f from dawn_test. Last alive at 2024-11-27T13:54:09.759Z
2024-12-02 15:27:29 - __main__ - INFO - Skipping challenge for Prover: IPv4/0x02437e8d57ee1fdb6cb7a11014bea10810182a49 from undefined. Last alive at 2024-12-01T08:17:59.638Z
2024-12-02 15:27:29 - __main__ - INFO - Skipping challenge for Prover: IPv4/0x6fdc1d7428780aa5d0d839f5d95305eae3dc5a01 from undefined. Last alive at 2024-11-25T12:30:23.862Z
2024-12-02 15:27:29 - __main__ - INFO - Skipping challenge for Prover: IPv4/0xed29deff783b096bd2d123ea482c0706996c7cc3 from undefined. Last alive at 2024-11-25T12:33:25.124Z
2024-12-02 15:27:29 - __main__ - INFO - Skipping challenge for Prover: IPv4/0xc252ad8081ababbbe45f70d55aff96b7a12761c7 from undefined. Last alive at 2024-11-26T09:09:46.265Z
2024-12-02 15:27:29 - __main__ - INFO - Skipping challenge for Prover: IPv4/0xfffc856e6e873fe3766b61949c55145c558968ec from undefined. Last alive at 2024-11-29T14:01:14.214Z
